 #  Name   HOMO      ref HOMO  LUMO      ref LUMO  chiomegatau   fit-points  Pade-param   runavg. error HOMO/LUMO
 01 He      -23.54     -23.48     11.01      11.01      0.060     0.000     
 02 Ne      -20.41     -20.38     11.63      11.64      0.045     0.005     
 03 Ar      -15.06     -15.13     8.01       8.11       0.053     0.037     
 04 Kr      -13.41     -13.57     7.52       7.63       0.080     0.055     
 05 Xe      -11.90     -12.02     7.71       7.98       0.088     0.098     
 06 H2      -15.82     -15.81     3.50       3.50       0.075     0.082     
 07 Li2     -4.98      -4.99      -0.62      -0.63      0.066     0.071     
 08 Na2     -4.85      -4.83      -0.58      -0.55      0.060     0.066     
 09 Na4     -4.12      -4.10      -1.02      -1.01      0.056     0.060     
 100 CuCN   0.00       -9.42      0.00       -1.65      0.056     0.219     
 10 Na6     0.00       -4.24      0.00       -0.97      0.474     0.287     
 11 K2      0.00       -3.98      0.00       -0.65      0.793     0.317     
 12 Rb2     0.00       -3.80      0.00       -0.62      1.043     0.341     
 13 N2      0.00       -14.89     0.00       2.45       2.108     0.491     
 14 P2      0.00       -10.21     0.00       -0.72      2.687     0.507     
 15 As2     0.00       -9.47      0.00       -0.85      3.139     0.528     
 16 F2      0.00       -14.96     0.00       -0.70      3.878     0.538     
 17 Cl2     0.00       -11.10     0.00       -0.89      4.303     0.558     
 18 Br2     0.00       -10.22     0.00       -1.40      4.632     0.602     
 19 I2      0.00       -9.28      0.00       -1.68      4.876     0.656     
 20 CH4     0.00       -13.93     0.00       2.45       5.329     0.741     
 21 C2H6    0.00       -12.37     0.00       2.29       5.664     0.812     
 22 C3H8    0.00       -11.79     0.00       2.19       5.943     0.872     
 23 C4H10   0.00       -11.49     0.00       2.14       6.184     0.925     
 24 C2H4    0.00       -10.33     0.00       2.02       6.357     0.968     
 25 C2H2    0.00       -11.02     0.00       2.86       6.543     1.041     
 26 C4      0.00       -10.78     0.00       -2.94      6.706     1.111     
 27 C3H6    0.00       -10.56     0.00       2.45       6.849     1.159     
 28 C6H6    0.00       -8.99      0.00       1.09       6.925     1.157     
 29 C8H8    0.00       -8.06      0.00       0.06       6.964     1.120     
 30 C5H6    0.00       -8.35      0.00       1.04       7.011     1.118     
 31 C2H3F   0.00       -10.20     0.00       2.15       7.114     1.150     
 32 C2H3Cl  0.00       -9.76      0.00       1.42       7.196     1.158     
 33 C2H3Br  0.00       -8.99      0.00       1.38       7.251     1.165     
 34 C2H3I   0.00       -9.04      0.00       0.89       7.303     1.157     
 35 CF4     0.00       -15.37     0.00       4.41       7.534     1.247     
 36 CCl4    0.00       -10.98     0.00       -0.01      7.629     1.214     
 37 CBr4    0.00       -9.90      0.00       -1.08      7.691     1.210     
 38 CI4     0.00       -8.82      0.00       -2.14      7.721     1.234     
 39 SiH4    0.00       -12.31     0.00       2.51       7.838     1.266     
 40 GeH4    0.00       -12.02     0.00       2.30       7.943     1.291     
 41 Si2H6   0.00       -10.31     0.00       1.69       8.000     1.301     
 42 Si5H12  0.00       -8.94      0.00       0.16       8.023     1.274     
 43 LiH     0.00       -6.54      0.00       -0.07      7.988     1.247     
 44 KH      0.00       -4.86      0.00       -0.18      7.988     1.223     
 45 BH3     0.00       -12.87     0.00       0.12       8.099     1.199     
 46 B2H6    0.00       -11.84     0.00       0.84       8.182     1.191     
 47 NH3     0.00       -10.32     0.00       2.31       8.229     1.215     
 48 HN3     0.00       -10.39     0.00       1.40       8.275     1.219     
 49 PH3     0.00       -10.27     0.00       2.50       8.316     1.244     
 50 AsH3    0.00       -10.12     0.00       2.32       8.353     1.265     
 51 SH2     0.00       -10.03     0.00       2.56       8.387     1.290     
 52 HF      0.00       -15.30     0.00       2.54       8.522     1.314     
 53 HCl     0.00       -12.25     0.00       2.06       8.594     1.328     
 54 LiF     0.00       -9.95      0.00       0.09       8.594     1.305     
 55 MgF2    0.00       -12.32     0.00       -0.14      8.664     1.284     
 56 TiF4    0.00       -13.89     0.00       -0.60      8.761     1.272     
 57 AlF3    0.00       -14.25     0.00       0.16       8.861     1.253     
 58 BF      0.00       -10.56     0.00       1.22       8.891     1.253     
 59 SF4     0.00       -12.12     0.00       0.38       8.948     1.238     
 60 BrK     0.00       -7.30      0.00       -0.31      8.919     1.223     
 61 GaCl    0.00       -9.55      0.00       -0.02      8.930     1.203     
 62 NaCl    0.00       -8.10      0.00       -0.39      8.916     1.190     
 63 MgCl2   0.00       -10.99     0.00       -0.43      8.950     1.179     
 64 AlI3    0.00       -9.32      0.00       -0.80      8.956     1.173     
 65 BN      0.00       -11.03     0.00       -3.88      8.956     1.214     
 66 NCH     0.00       -13.21     0.00       2.58       9.024     1.234     
 67 PN      0.00       -11.14     0.00       -0.20      9.057     1.219     
 68 N2H4    0.00       -9.28      0.00       1.99       9.060     1.230     
 69 H2CO    0.00       -10.33     0.00       0.96       9.080     1.226     
 70 CH3OH   0.00       -10.56     0.00       2.25       9.102     1.241     
 71 C2H5OH  0.00       -10.16     0.00       2.08       9.117     1.252     
 72 C2H4O   0.00       -9.55      0.00       1.05       9.123     1.250     
 73 C4H10O4 0.00       -9.32      0.00       2.10       9.126     1.261     
 74 HCOOH   0.00       -10.73     0.00       1.91       9.149     1.270     
 75 H2O2    0.00       -10.99     0.00       2.35       9.174     1.284     
 76 H2O     0.00       -11.97     0.00       2.37       9.213     1.298     
 77 CO2     0.00       -13.25     0.00       2.50       9.267     1.313     
 78 CS2     0.00       -9.75      0.00       -0.20      9.274     1.299     
 79 OCS     0.00       -10.91     0.00       1.21       9.295     1.298     
 80 OCSe    0.00       -10.20     0.00       0.87       9.307     1.293     
 81 CO      0.00       -13.57     0.00       0.67       9.362     1.285     
 82 O3      0.00       -11.39     0.00       -2.30      9.362     1.298     
 83 SO2     0.00       -11.82     0.00       -1.00      9.393     1.294     
 84 BeO     0.00       -8.58      0.00       -2.56      9.393     1.309     
 85 MgO     0.00       -6.68      0.00       -1.89      9.393     1.316     
 86 C7H8    0.00       -8.61      0.00       1.01       9.383     1.312     
 87 C8H10   0.00       -8.55      0.00       1.04       9.373     1.309     
 88 C6F6    0.00       -9.49      0.00       0.66       9.374     1.302     
 89 C6H5OH  0.00       -8.37      0.00       0.96       9.362     1.298     
 90 C6H5NH2 0.00       -7.64      0.00       1.15       9.342     1.296     
 91 C5H5N   0.00       -9.04      0.00       0.51       9.338     1.288     
 92 guanine 0.00       -7.69      0.00       0.74       9.319     1.282     
 93 adenine 0.00       -7.98      0.00       0.47       9.303     1.273     
 94 cytosin 0.00       -8.29      0.00       0.26       9.292     1.263     
 95 thymine 0.00       -8.71      0.00       0.06       9.285     1.250     
 96 uracil  0.00       -9.22      0.00       0.01       9.285     1.237     
 97 urea    0.00       -9.32      0.00       1.62       9.285     1.241     
 98 Ag2     0.00       -7.07      0.00       -1.05      9.261     1.239     
 99 Cu2     0.00       -7.55      0.00       -0.92      9.243     1.236     
