 #  Name   HOMO      ref HOMO  LUMO      ref LUMO  chiomegatau   fit-points  Pade-param   runavg. error HOMO/LUMO
 01 He      -23.52     -23.48     11.01      11.01      0.040     0.000     
 02 Ne      -20.40     -20.38     11.62      11.64      0.030     0.010     
 03 Ar      -15.18     -15.13     8.11       8.11       0.037     0.007     
 04 Kr      -13.61     -13.57     7.64       7.63       0.038     0.007     
 05 Xe      -12.06     -12.02     7.96       7.98       0.038     0.010     
 06 H2      -15.79     -15.81     3.49       3.50       0.035     0.010     
 07 Li2     -5.01      -4.99      -0.61      -0.63      0.033     0.011     
 08 Na2     -4.73      -4.83      -0.62      -0.55      0.041     0.019     
 09 Na4     -4.03      -4.10      -1.08      -1.01      0.044     0.024     
 100 CuCN   -9.65      -9.42      -1.65      -1.65      0.044     0.022     
 10 Na6     -4.18      -4.24      -1.03      -0.97      0.046     0.025     
 11 K2      -3.89      -3.98      -0.69      -0.65      0.050     0.027     
 12 Rb2     -3.80      -3.80      -0.63      -0.62      0.046     0.025     
 13 N2      -14.86     -14.89     2.43       2.45       0.045     0.025     
 14 P2      -10.20     -10.21     -0.71      -0.72      0.042     0.024     
 15 As2     -9.48      -9.47      -0.84      -0.85      0.040     0.023     
 16 F2      -14.91     -14.96     -0.73      -0.70      0.041     0.024     
 17 Cl2     -11.09     -11.10     -0.88      -0.89      0.039     0.023     
 18 Br2     -10.22     -10.22     -1.39      -1.40      0.037     0.022     
 19 I2      -9.27      -9.28      -1.68      -1.68      0.035     0.021     
 20 CH4     -13.92     -13.93     2.39       2.45       0.034     0.023     
 21 C2H6    -12.35     -12.37     2.22       2.29       0.033     0.025     
 22 C3H8    -11.78     -11.79     2.11       2.19       0.032     0.027     
 23 C4H10   -11.48     -11.49     2.07       2.14       0.031     0.029     
 24 C2H4    -10.30     -10.33     2.00       2.02       0.031     0.029     
 25 C2H2    -10.98     -11.02     2.84       2.86       0.032     0.028     
 26 C4      -10.75     -10.78     -2.97      -2.94      0.032     0.029     
 27 C3H6    -10.54     -10.56     2.37       2.45       0.031     0.030     
 28 C6H6    -8.97      -8.99      1.07       1.09       0.031     0.030     
 29 C8H8    -8.04      -8.06      0.04       0.06       0.030     0.030     
 30 C5H6    -8.33      -8.35      1.02       1.04       0.030     0.029     
 31 C2H3F   -10.17     -10.20     2.13       2.15       0.030     0.029     
 32 C2H3Cl  -9.75      -9.76      1.42       1.42       0.029     0.028     
 33 C2H3Br  -8.98      -8.99      1.37       1.38       0.029     0.028     
 34 C2H3I   -9.04      -9.04      0.89       0.89       0.028     0.027     
 35 CF4     -15.33     -15.37     4.36       4.41       0.028     0.027     
 36 CCl4    -10.97     -10.98     -0.01      -0.01      0.028     0.027     
 37 CBr4    -9.90      -9.90      -1.08      -1.08      0.027     0.026     
 38 CI4     -8.82      -8.82      -2.15      -2.14      0.026     0.026     
 39 SiH4    -12.34     -12.31     2.51       2.51       0.026     0.025     
 40 GeH4    -12.05     -12.02     2.29       2.30       0.026     0.025     
 41 Si2H6   -10.31     -10.31     1.69       1.69       0.026     0.024     
 42 Si5H12  -8.94      -8.94      0.17       0.16       0.025     0.024     
 43 LiH     -6.70      -6.54      -0.06      -0.07      0.028     0.023     
 44 KH      -4.98      -4.86      -0.19      -0.18      0.028     0.023     
 45 BH3     -12.84     -12.87     0.10       0.12       0.028     0.023     
 46 B2H6    -11.82     -11.84     0.82       0.84       0.028     0.023     
 47 NH3     -10.28     -10.32     2.25       2.31       0.028     0.024     
 48 HN3     -10.36     -10.39     1.38       1.40       0.029     0.024     
 49 PH3     -10.27     -10.27     2.50       2.50       0.028     0.023     
 50 AsH3    -10.13     -10.12     2.32       2.32       0.028     0.023     
 51 SH2     -10.02     -10.03     2.56       2.56       0.027     0.022     
 52 HF      -15.27     -15.30     2.51       2.54       0.027     0.022     
 53 HCl     -12.25     -12.25     2.06       2.06       0.027     0.022     
 54 LiF     -10.00     -9.95      0.08       0.09       0.027     0.022     
 55 MgF2    -12.38     -12.32     -0.13      -0.14      0.027     0.022     
 56 TiF4    -13.94     -13.89     -0.56      -0.60      0.028     0.022     
 57 AlF3    -14.27     -14.25     0.14       0.16       0.028     0.022     
 58 BF      -10.56     -10.56     1.22       1.22       0.027     0.022     
 59 SF4     -12.11     -12.12     0.39       0.38       0.027     0.021     
 60 BrK     -7.47      -7.30      -0.30      -0.31      0.029     0.021     
 61 GaCl    -9.56      -9.55      -0.02      -0.02      0.029     0.021     
 62 NaCl    -8.23      -8.10      -0.39      -0.39      0.031     0.020     
 63 MgCl2   -11.02     -10.99     -0.43      -0.43      0.031     0.020     
 64 AlI3    -9.34      -9.32      -0.80      -0.80      0.030     0.020     
 65 BN      -10.89     -11.03     -3.95      -3.88      0.030     0.021     
 66 NCH     -13.18     -13.21     2.55       2.58       0.030     0.021     
 67 PN      -11.16     -11.14     -0.19      -0.20      0.030     0.021     
 68 N2H4    -9.24      -9.28      1.94       1.99       0.030     0.021     
 69 H2CO    -10.29     -10.33     0.93       0.96       0.031     0.021     
 70 CH3OH   -10.54     -10.56     2.20       2.25       0.030     0.022     
 71 C2H5OH  -10.14     -10.16     2.02       2.08       0.030     0.022     
 72 C2H4O   -9.52      -9.55      1.03       1.05       0.030     0.022     
 73 C4H10O4 -9.31      -9.32      2.02       2.10       0.030     0.023     
 74 HCOOH   -10.72     -10.73     1.89       1.91       0.030     0.023     
 75 H2O2    -10.94     -10.99     2.32       2.35       0.030     0.023     
 76 H2O     -11.94     -11.97     2.32       2.37       0.030     0.023     
 77 CO2     -13.22     -13.25     2.45       2.50       0.030     0.024     
 78 CS2     -9.74      -9.75      -0.18      -0.20      0.030     0.024     
 79 OCS     -10.90     -10.91     1.23       1.21       0.029     0.023     
 80 OCSe    -10.20     -10.20     0.89       0.87       0.029     0.023     
 81 CO      -13.54     -13.57     0.65       0.67       0.029     0.023     
 82 O3      -11.66     -11.39     -2.32      -2.30      0.029     0.023     
 83 SO2     -11.82     -11.82     -0.99      -1.00      0.029     0.023     
 84 BeO     -8.98      -8.58      -2.37      -2.49      0.029     0.024     
 85 MgO     -6.78      -6.68      -1.88      -1.89      0.029     0.024     
 86 C7H8    -8.60      -8.61      1.00       1.01       0.029     0.024     
 87 C8H10   -8.54      -8.55      1.03       1.04       0.028     0.024     
 88 C6F6    -9.47      -9.49      0.64       0.66       0.028     0.024     
 89 C6H5OH  -8.35      -8.37      0.94       0.96       0.028     0.024     
 90 C6H5NH2 -7.63      -7.64      1.13       1.15       0.028     0.024     
 91 C5H5N   -9.03      -9.04      0.50       0.51       0.028     0.024     
 92 guanine -7.67      -7.69      0.74       0.74       0.028     0.023     
 93 adenine -7.96      -7.98      0.46       0.47       0.027     0.023     
 94 cytosin -8.27      -8.29      0.25       0.26       0.027     0.023     
 95 thymine -8.69      -8.71      0.04       0.06       0.027     0.023     
 96 uracil  -9.24      -9.22      -0.00      0.01       0.027     0.023     
 97 urea    -9.31      -9.32      1.56       1.62       0.027     0.023     
 98 Ag2     -7.05      -7.07      -0.93      -0.89      0.027     0.023     
 99 Cu2     -7.17      -7.55      -0.96      -0.92      0.031     0.024     
