 #  Name   HOMO      ref HOMO  LUMO      ref LUMO  chiomegatau   fit-points  Pade-param   runavg. error HOMO/LUMO
 01 He      -23.52     -23.48     11.01      11.01      0.040     0.000     
 02 Ne      -20.42     -20.38     11.64      11.64      0.040     0.000     
 03 Ar      -15.16     -15.13     8.07       8.11       0.037     0.013     
 04 Kr      -13.61     -13.57     7.58       7.63       0.038     0.023     
 05 Xe      -12.08     -12.02     8.00       7.98       0.042     0.022     
 06 H2      -15.81     -15.81     3.50       3.50       0.035     0.018     
 07 Li2     -4.99      -4.99      -0.63      -0.63      0.030     0.016     
 08 Na2     -4.83      -4.83      -0.56      -0.55      0.026     0.015     
 09 Na4     -4.11      -4.10      -1.01      -1.01      0.024     0.013     
 100 CuCN   -9.67      -9.42      -1.64      -1.65      0.024     0.013     
 10 Na6     -4.24      -4.24      -0.97      -0.97      0.022     0.012     
 11 K2      -3.99      -3.98      -0.64      -0.65      0.021     0.012     
 12 Rb2     -3.80      -3.80      -0.63      -0.62      0.019     0.012     
 13 N2      -14.88     -14.89     2.44       2.45       0.018     0.011     
 14 P2      -10.21     -10.21     -0.72      -0.72      0.017     0.011     
 15 As2     -9.47      -9.47      -0.85      -0.85      0.016     0.010     
 16 F2      -14.94     -14.96     -0.71      -0.70      0.016     0.010     
 17 Cl2     -11.09     -11.10     -0.88      -0.89      0.016     0.010     
 18 Br2     -10.22     -10.22     -1.40      -1.40      0.015     0.009     
 19 I2      -9.29      -9.28      -1.68      -1.68      0.015     0.009     
 20 CH4     -13.94     -13.93     2.44       2.45       0.015     0.009     
 21 C2H6    -12.37     -12.37     2.29       2.29       0.014     0.009     
 22 C3H8    -11.80     -11.79     2.19       2.19       0.014     0.008     
 23 C4H10   -11.49     -11.49     2.14       2.14       0.013     0.008     
 24 C2H4    -10.31     -10.33     2.01       2.02       0.013     0.008     
 25 C2H2    -11.00     -11.02     2.85       2.86       0.014     0.008     
 26 C4      -10.77     -10.78     -2.95      -2.94      0.013     0.008     
 27 C3H6    -10.55     -10.56     2.44       2.45       0.013     0.008     
 28 C6H6    -8.98      -8.99      1.07       1.09       0.013     0.009     
 29 C8H8    -8.05      -8.06      0.05       0.06       0.013     0.009     
 30 C5H6    -8.34      -8.35      1.03       1.04       0.013     0.009     
 31 C2H3F   -10.19     -10.20     2.13       2.15       0.013     0.009     
 32 C2H3Cl  -9.76      -9.76      1.42       1.42       0.013     0.009     
 33 C2H3Br  -8.99      -8.99      1.37       1.38       0.012     0.009     
 34 C2H3I   -9.06      -9.04      0.90       0.89       0.012     0.009     
 35 CF4     -15.37     -15.37     4.41       4.41       0.012     0.009     
 36 CCl4    -10.98     -10.98     -0.00      -0.01      0.012     0.009     
 37 CBr4    -9.90      -9.90      -1.08      -1.08      0.011     0.008     
 38 CI4     -8.84      -8.82      -2.14      -2.14      0.012     0.008     
 39 SiH4    -12.34     -12.31     2.51       2.51       0.012     0.008     
 40 GeH4    -12.05     -12.02     2.31       2.30       0.013     0.008     
 41 Si2H6   -10.31     -10.31     1.69       1.69       0.012     0.008     
 42 Si5H12  -8.94      -8.94      0.16       0.16       0.012     0.008     
 43 LiH     -6.68      -6.54      -0.08      -0.07      0.015     0.008     
 44 KH      -5.01      -4.86      -0.17      -0.18      0.015     0.008     
 45 BH3     -12.86     -12.87     0.11       0.12       0.015     0.008     
 46 B2H6    -11.83     -11.84     0.83       0.84       0.015     0.008     
 47 NH3     -10.31     -10.32     2.31       2.31       0.015     0.008     
 48 HN3     -10.39     -10.39     1.40       1.40       0.014     0.008     
 49 PH3     -10.28     -10.27     2.49       2.50       0.014     0.008     
 50 AsH3    -10.13     -10.12     2.32       2.32       0.014     0.007     
 51 SH2     -10.03     -10.03     2.56       2.56       0.014     0.007     
 52 HF      -15.30     -15.30     2.55       2.54       0.014     0.007     
 53 HCl     -12.24     -12.25     2.06       2.06       0.013     0.007     
 54 LiF     -10.00     -9.95      0.09       0.09       0.013     0.007     
 55 MgF2    -12.39     -12.32     -0.13      -0.14      0.015     0.007     
 56 TiF4    -13.95     -13.89     -0.56      -0.60      0.015     0.008     
 57 AlF3    -14.27     -14.25     0.16       0.16       0.015     0.008     
 58 BF      -10.55     -10.56     1.21       1.22       0.015     0.008     
 59 SF4     -12.11     -12.12     0.38       0.38       0.015     0.007     
 60 BrK     -7.48      -7.30      -0.30      -0.31      0.018     0.008     
 61 GaCl    -9.55      -9.55      -0.02      -0.02      0.018     0.007     
 62 NaCl    -8.23      -8.10      -0.39      -0.39      0.020     0.007     
 63 MgCl2   -11.02     -10.99     -0.43      -0.43      0.020     0.007     
 64 AlI3    -9.35      -9.32      -0.79      -0.80      0.020     0.007     
 65 BN      -10.89     -11.03     -3.95      -3.88      0.020     0.008     
 66 NCH     -13.20     -13.21     2.56       2.58       0.020     0.008     
 67 PN      -11.17     -11.14     -0.20      -0.20      0.020     0.008     
 68 N2H4    -9.27      -9.28      1.99       1.99       0.020     0.008     
 69 H2CO    -10.32     -10.33     0.95       0.96       0.020     0.008     
 70 CH3OH   -10.56     -10.56     2.24       2.25       0.019     0.008     
 71 C2H5OH  -10.16     -10.16     2.07       2.08       0.019     0.008     
 72 C2H4O   -9.55      -9.55      1.05       1.05       0.019     0.008     
 73 C4H10O4 -9.33      -9.32      2.09       2.10       0.019     0.008     
 74 HCOOH   -10.75     -10.73     1.91       1.91       0.019     0.008     
 75 H2O2    -10.98     -10.99     2.35       2.35       0.019     0.008     
 76 H2O     -11.97     -11.97     2.37       2.37       0.018     0.008     
 77 CO2     -13.25     -13.25     2.49       2.50       0.018     0.008     
 78 CS2     -9.75      -9.75      -0.19      -0.20      0.018     0.008     
 79 OCS     -10.91     -10.91     1.22       1.21       0.018     0.008     
 80 OCSe    -10.20     -10.20     0.88       0.87       0.017     0.008     
 81 CO      -13.56     -13.57     0.66       0.67       0.017     0.008     
 82 O3      -11.69     -11.39     -2.30      -2.30      0.017     0.008     
 83 SO2     -11.83     -11.82     -1.00      -1.00      0.017     0.008     
 84 BeO     -8.99      -8.58      -2.37      -2.49      0.017     0.009     
 85 MgO     -6.79      -6.68      -1.88      -1.89      0.017     0.009     
 86 C7H8    -8.61      -8.61      1.01       1.01       0.017     0.009     
 87 C8H10   -8.55      -8.55      1.04       1.04       0.017     0.009     
 88 C6F6    -9.49      -9.49      0.66       0.66       0.017     0.009     
 89 C6H5OH  -8.36      -8.37      0.95       0.96       0.017     0.009     
 90 C6H5NH2 -7.64      -7.64      1.14       1.15       0.016     0.009     
 91 C5H5N   -9.04      -9.04      0.50       0.51       0.016     0.009     
 92 guanine -7.69      -7.69      0.75       0.74       0.016     0.009     
 93 adenine -7.97      -7.98      0.47       0.47       0.016     0.009     
 94 cytosin -8.29      -8.29      0.26       0.26       0.016     0.009     
 95 thymine -8.71      -8.71      0.05       0.06       0.016     0.009     
 96 uracil  -9.27      -9.22      0.01       0.01       0.016     0.009     
 97 urea    -9.34      -9.32      1.62       1.62       0.016     0.008     
 98 Ag2     -7.07      -7.07      -0.90      -0.89      0.016     0.008     
 99 Cu2     -7.20      -7.55      -0.93      -0.92      0.019     0.008     
