 #  Name   HOMO      ref HOMO  LUMO      ref LUMO  chiomegatau   fit-points  Pade-param   runavg. error HOMO/LUMO
 01 He      -23.51     -23.48     11.01      11.01      0.030     0.000     
 02 Ne      -20.52     -20.38     11.64      11.64      0.085     0.000     
 03 Ar      -15.22     -15.13     8.11       8.11       0.087     0.000     
 04 Kr      -13.67     -13.57     7.64       7.63       0.090     0.002     
 05 Xe      -12.10     -12.02     7.98       7.98       0.088     0.002     
 06 H2      -15.83     -15.81     3.50       3.50       0.077     0.002     
 07 Li2     -4.99      -4.99      -0.63      -0.63      0.066     0.001     
 08 Na2     -4.84      -4.83      -0.55      -0.55      0.059     0.001     
 09 Na4     -4.12      -4.10      -1.01      -1.01      0.054     0.001     
 100 CuCN   -9.72      -9.42      -1.63      -1.65      0.054     0.003     
 10 Na6     -4.24      -4.24      -0.96      -0.97      0.049     0.004     
 11 K2      -3.98      -3.98      -0.65      -0.65      0.045     0.003     
 12 Rb2     -3.80      -3.80      -0.63      -0.62      0.041     0.004     
 13 N2      -14.90     -14.89     2.45       2.45       0.038     0.004     
 14 P2      -10.21     -10.21     -0.72      -0.72      0.036     0.003     
 15 As2     -9.48      -9.47      -0.85      -0.85      0.034     0.003     
 16 F2      -14.93     -14.96     -0.71      -0.70      0.034     0.004     
 17 Cl2     -11.09     -11.10     -0.89      -0.89      0.032     0.003     
 18 Br2     -10.21     -10.22     -1.40      -1.40      0.031     0.003     
 19 I2      -9.27      -9.28      -1.69      -1.68      0.030     0.004     
 20 CH4     -13.97     -13.93     2.44       2.45       0.030     0.004     
 21 C2H6    -12.38     -12.37     2.28       2.29       0.030     0.004     
 22 C3H8    -11.81     -11.79     2.18       2.19       0.029     0.004     
 23 C4H10   -11.51     -11.49     2.13       2.14       0.029     0.005     
 24 C2H4    -10.33     -10.33     2.02       2.02       0.027     0.004     
 25 C2H2    -11.03     -11.02     2.87       2.86       0.027     0.005     
 26 C4      -10.78     -10.78     -2.92      -2.94      0.026     0.005     
 27 C3H6    -10.57     -10.56     2.44       2.45       0.025     0.005     
 28 C6H6    -8.99      -8.99      1.09       1.09       0.024     0.005     
 29 C8H8    -8.06      -8.06      0.06       0.06       0.023     0.005     
 30 C5H6    -8.35      -8.35      1.04       1.04       0.023     0.005     
 31 C2H3F   -10.20     -10.20     2.15       2.15       0.022     0.005     
 32 C2H3Cl  -9.76      -9.76      1.43       1.42       0.021     0.005     
 33 C2H3Br  -8.99      -8.99      1.38       1.38       0.021     0.005     
 34 C2H3I   -9.06      -9.04      0.90       0.89       0.021     0.005     
 35 CF4     -15.40     -15.37     4.42       4.41       0.021     0.005     
 36 CCl4    -10.98     -10.98     -0.00      -0.01      0.020     0.005     
 37 CBr4    -9.92      -9.90      -1.08      -1.08      0.020     0.005     
 38 CI4     -8.84      -8.82      -2.14      -2.14      0.020     0.005     
 39 SiH4    -12.38     -12.31     2.52       2.51       0.022     0.005     
 40 GeH4    -12.09     -12.02     2.33       2.30       0.023     0.006     
 41 Si2H6   -10.32     -10.31     1.69       1.69       0.022     0.005     
 42 Si5H12  -8.94      -8.94      0.18       0.16       0.022     0.006     
 43 LiH     -6.77      -6.54      -0.07      -0.07      0.027     0.006     
 44 KH      -5.09      -4.86      -0.17      -0.18      0.027     0.006     
 45 BH3     -12.87     -12.87     0.12       0.12       0.026     0.006     
 46 B2H6    -11.84     -11.84     0.84       0.84       0.026     0.006     
 47 NH3     -10.33     -10.32     2.31       2.31       0.025     0.005     
 48 HN3     -10.40     -10.39     1.41       1.40       0.025     0.006     
 49 PH3     -10.28     -10.27     2.50       2.50       0.025     0.005     
 50 AsH3    -10.14     -10.12     2.32       2.32       0.024     0.005     
 51 SH2     -10.03     -10.03     2.56       2.56       0.024     0.005     
 52 HF      -15.30     -15.30     2.54       2.54       0.024     0.005     
 53 HCl     -12.24     -12.25     2.05       2.06       0.023     0.005     
 54 LiF     -10.06     -9.95      0.09       0.09       0.023     0.005     
 55 MgF2    -12.45     -12.32     -0.13      -0.14      0.025     0.005     
 56 TiF4    -14.01     -13.89     -0.53      -0.60      0.027     0.006     
 57 AlF3    -14.30     -14.25     0.16       0.16       0.027     0.006     
 58 BF      -10.57     -10.56     1.22       1.22       0.027     0.006     
 59 SF4     -12.11     -12.12     0.39       0.38       0.027     0.006     
 60 BrK     -7.54      -7.30      -0.28      -0.31      0.031     0.007     
 61 GaCl    -9.56      -9.55      -0.02      -0.02      0.030     0.006     
 62 NaCl    -8.29      -8.10      -0.38      -0.39      0.033     0.007     
 63 MgCl2   -11.06     -10.99     -0.42      -0.43      0.033     0.007     
 64 AlI3    -9.36      -9.32      -0.78      -0.80      0.034     0.007     
 65 BN      -10.30     -11.03     -5.09      -3.88      0.034     0.025     
 66 NCH     -13.25     -13.21     2.59       2.58       0.034     0.025     
 67 PN      -11.19     -11.14     -0.20      -0.20      0.034     0.024     
 68 N2H4    -9.28      -9.28      1.99       1.99       0.033     0.024     
 69 H2CO    -10.32     -10.33     0.95       0.96       0.033     0.024     
 70 CH3OH   -10.57     -10.56     2.24       2.25       0.033     0.024     
 71 C2H5OH  -10.17     -10.16     2.07       2.08       0.032     0.023     
 72 C2H4O   -9.56      -9.55      1.05       1.05       0.032     0.023     
 73 C4H10O4 -9.34      -9.32      2.09       2.10       0.032     0.023     
 74 HCOOH   -10.78     -10.73     1.92       1.91       0.032     0.023     
 75 H2O2    -10.98     -10.99     2.35       2.35       0.032     0.023     
 76 H2O     -11.98     -11.97     2.36       2.37       0.032     0.022     
 77 CO2     -13.27     -13.25     2.50       2.50       0.031     0.022     
 78 CS2     -9.75      -9.75      -0.20      -0.20      0.031     0.022     
 79 OCS     -10.91     -10.91     1.23       1.21       0.031     0.022     
 80 OCSe    -10.21     -10.20     0.90       0.87       0.030     0.022     
 81 CO      -13.58     -13.57     0.68       0.67       0.030     0.022     
 82 O3      -11.98     -11.39     -2.30      -2.30      0.030     0.021     
 83 SO2     -11.83     -11.82     -1.00      -1.00      0.030     0.021     
 84 BeO     -9.00      -8.58      -2.35      -2.56      0.030     0.023     
 85 MgO     -7.02      -6.68      -1.88      -1.89      0.030     0.023     
 86 C7H8    -8.62      -8.61      1.02       1.01       0.030     0.023     
 87 C8H10   -8.56      -8.55      1.05       1.04       0.029     0.023     
 88 C6F6    -9.50      -9.49      0.67       0.66       0.029     0.023     
 89 C6H5OH  -8.27      -8.37      1.01       0.96       0.030     0.023     
 90 C6H5NH2 -7.66      -7.64      1.15       1.15       0.030     0.023     
 91 C5H5N   -9.07      -9.04      0.51       0.51       0.030     0.023     
 92 guanine -7.70      -7.69      0.78       0.74       0.030     0.023     
 93 adenine -7.98      -7.98      0.48       0.47       0.029     0.023     
 94 cytosin -8.31      -8.29      0.27       0.26       0.029     0.023     
 95 thymine -8.72      -8.71      0.06       0.06       0.029     0.022     
 96 uracil  -9.30      -9.22      0.01       0.01       0.029     0.022     
 97 urea    -9.38      -9.32      1.62       1.62       0.030     0.022     
 98 Ag2     -7.08      -7.07      -0.89      -1.05      0.030     0.023     
 99 Cu2     -7.26      -7.55      -0.92      -0.92      0.032     0.023     
