 #  Name   HOMO      ref HOMO  LUMO      ref LUMO  chiomegatau   fit-points  Pade-param   runavg. error HOMO/LUMO
 01 He      -23.54     -23.48     11.01      11.01      0.060     0.000     
 02 Ne      -20.58     -20.38     11.64      11.64      0.130     0.000     
 03 Ar      -15.25     -15.13     8.11       8.11       0.127     0.000     
 04 Kr      -13.70     -13.57     7.65       7.63       0.127     0.005     
 05 Xe      -12.12     -12.02     7.99       7.98       0.122     0.006     
 06 H2      -15.85     -15.81     3.50       3.50       0.108     0.005     
 07 Li2     -5.00      -4.99      -0.63      -0.63      0.094     0.004     
 08 Na2     -4.84      -4.83      -0.54      -0.55      0.084     0.005     
 09 Na4     -4.07      -4.10      -0.96      -1.01      0.078     0.010     
 100 CuCN   0.00       -9.42      0.00       -1.65      0.078     0.174     
 10 Na6     -4.18      -4.24      -0.88      -0.97      0.076     0.166     
 11 K2      -3.98      -3.98      -0.60      -0.65      0.069     0.157     
 12 Rb2     -3.79      -3.80      -0.55      -0.62      0.064     0.150     
 13 N2      -14.91     -14.89     2.46       2.45       0.061     0.140     
 14 P2      -10.21     -10.21     -0.72      -0.72      0.056     0.131     
 15 As2     -9.47      -9.47      -0.85      -0.85      0.053     0.123     
 16 F2      -14.91     -14.96     -0.73      -0.70      0.052     0.117     
 17 Cl2     -11.09     -11.10     -0.88      -0.89      0.050     0.111     
 18 Br2     -10.22     -10.22     -1.40      -1.40      0.047     0.105     
 19 I2      -9.27      -9.28      -1.69      -1.68      0.045     0.100     
 20 CH4     -13.98     -13.93     2.44       2.45       0.045     0.096     
 21 C2H6    -12.39     -12.37     2.28       2.29       0.044     0.092     
 22 C3H8    -11.82     -11.79     2.18       2.19       0.044     0.089     
 23 C4H10   -11.51     -11.49     2.13       2.14       0.043     0.085     
 24 C2H4    -10.33     -10.33     2.02       2.02       0.041     0.082     
 25 C2H2    -11.04     -11.02     2.87       2.86       0.040     0.079     
 26 C4      -10.82     -10.78     -2.90      -2.94      0.040     0.078     
 27 C3H6    -10.57     -10.56     2.44       2.45       0.039     0.075     
 28 C6H6    -8.99      -8.99      1.09       1.09       0.038     0.073     
 29 C8H8    -8.06      -8.06      0.06       0.06       0.036     0.070     
 30 C5H6    -8.35      -8.35      1.04       1.04       0.035     0.068     
 31 C2H3F   -10.20     -10.20     2.15       2.15       0.034     0.066     
 32 C2H3Cl  -9.77      -9.76      1.43       1.42       0.033     0.064     
 33 C2H3Br  -9.51      -8.99      1.27       1.38       0.048     0.066     
 34 C2H3I   -9.06      -9.04      0.90       0.89       0.047     0.064     
 35 CF4     -15.43     -15.37     4.42       4.41       0.047     0.062     
 36 CCl4    -10.99     -10.98     -0.00      -0.01      0.046     0.061     
 37 CBr4    -9.92      -9.90      -1.08      -1.08      0.046     0.059     
 38 CI4     -8.84      -8.82      -2.14      -2.14      0.045     0.058     
 39 SiH4    -12.40     -12.31     2.52       2.51       0.046     0.057     
 40 GeH4    -12.12     -12.02     2.33       2.30       0.047     0.056     
 41 Si2H6   -10.33     -10.31     1.70       1.69       0.047     0.055     
 42 Si5H12  -8.95      -8.94      0.17       0.16       0.046     0.054     
 43 LiH     0.00       -6.54      0.00       -0.07      0.197     0.054     
 44 KH      -5.13      -4.86      -0.16      -0.18      0.197     0.054     
 45 BH3     -12.87     -12.87     0.12       0.12       0.192     0.052     
 46 B2H6    -11.84     -11.84     0.84       0.84       0.188     0.051     
 47 NH3     -10.33     -10.32     2.31       2.31       0.184     0.050     
 48 HN3     -10.40     -10.39     1.41       1.40       0.181     0.049     
 49 PH3     -10.29     -10.27     2.50       2.50       0.177     0.048     
 50 AsH3    -10.15     -10.12     2.33       2.32       0.174     0.048     
 51 SH2     -10.03     -10.03     2.56       2.56       0.171     0.047     
 52 HF      -15.31     -15.30     2.54       2.54       0.168     0.046     
 53 HCl     -12.25     -12.25     2.06       2.06       0.164     0.045     
 54 LiF     -10.09     -9.95      0.09       0.09       0.164     0.044     
 55 MgF2    -12.48     -12.32     -0.13      -0.14      0.164     0.044     
 56 TiF4    -14.04     -13.89     -0.51      -0.60      0.164     0.044     
 57 AlF3    -14.32     -14.25     0.17       0.16       0.162     0.044     
 58 BF      -10.57     -10.56     1.22       1.22       0.160     0.043     
 59 SF4     -12.11     -12.12     0.39       0.38       0.157     0.043     
 60 BrK     -7.56      -7.30      -0.28      -0.31      0.159     0.042     
 61 GaCl    -9.56      -9.55      -0.02      -0.02      0.156     0.042     
 62 NaCl    -8.32      -8.10      -0.37      -0.39      0.157     0.041     
 63 MgCl2   -11.08     -10.99     -0.42      -0.43      0.156     0.041     
 64 AlI3    -9.37      -9.32      -0.78      -0.80      0.155     0.040     
 65 BN      -10.70     -11.03     -4.74      -3.88      0.155     0.053     
 66 NCH     -13.26     -13.21     2.59       2.58       0.153     0.052     
 67 PN      -11.20     -11.14     -0.20      -0.20      0.151     0.051     
 68 N2H4    -9.28      -9.28      1.99       1.99       0.149     0.051     
 69 H2CO    -10.32     -10.33     0.95       0.96       0.147     0.050     
 70 CH3OH   -10.57     -10.56     2.24       2.25       0.145     0.050     
 71 C2H5OH  -10.17     -10.16     2.07       2.08       0.143     0.049     
 72 C2H4O   -9.57      -9.55      1.05       1.05       0.141     0.048     
 73 C4H10O4 -9.35      -9.32      2.09       2.10       0.140     0.048     
 74 HCOOH   -10.79     -10.73     1.92       1.91       0.138     0.047     
 75 H2O2    -10.99     -10.99     2.35       2.35       0.137     0.047     
 76 H2O     -11.98     -11.97     2.36       2.37       0.135     0.046     
 77 CO2     -13.28     -13.25     2.50       2.50       0.133     0.046     
 78 CS2     -9.75      -9.75      -0.19      -0.20      0.132     0.045     
 79 OCS     -10.91     -10.91     1.23       1.21       0.130     0.045     
 80 OCSe    -10.21     -10.20     0.90       0.87       0.128     0.045     
 81 CO      -13.59     -13.57     0.68       0.67       0.127     0.044     
 82 O3      -11.64     -11.39     -2.31      -2.30      0.127     0.044     
 83 SO2     -11.83     -11.82     -1.00      -1.00      0.125     0.043     
 84 BeO     -9.05      -8.58      -2.35      -2.56      0.125     0.045     
 85 MgO     -6.80      -6.68      -1.88      -1.89      0.125     0.045     
 86 C7H8    -8.62      -8.61      1.02       1.01       0.124     0.044     
 87 C8H10   -8.56      -8.55      1.05       1.04       0.123     0.044     
 88 C6F6    -9.51      -9.49      0.67       0.66       0.121     0.044     
 89 C6H5OH  -8.27      -8.37      1.01       0.96       0.121     0.044     
 90 C6H5NH2 -7.66      -7.64      1.15       1.15       0.120     0.043     
 91 C5H5N   -9.08      -9.04      0.51       0.51       0.119     0.043     
 92 guanine -7.70      -7.69      0.78       0.74       0.118     0.043     
 93 adenine -7.99      -7.98      0.48       0.47       0.116     0.042     
 94 cytosin -8.32      -8.29      0.27       0.26       0.115     0.042     
 95 thymine -8.72      -8.71      0.06       0.06       0.114     0.042     
 96 uracil  -9.32      -9.22      0.02       0.01       0.114     0.041     
 97 urea    -9.40      -9.32      1.62       1.62       0.114     0.041     
 98 Ag2     -7.08      -7.07      -0.89      -1.05      0.113     0.042     
 99 Cu2     -7.28      -7.55      -0.91      -0.92      0.114     0.042     
