 #  Name   HOMO      ref HOMO  LUMO      ref LUMO  chiomegatau   fit-points  Pade-param   runavg. error HOMO/LUMO
 01 He      -23.52     -23.48     11.01      11.01      0.040     0.000     
 02 Ne      -20.41     -20.38     11.63      11.64      0.035     0.005     
 03 Ar      -15.06     -15.13     8.01       8.11       0.047     0.037     
 04 Kr      -13.41     -13.57     7.52       7.63       0.075     0.055     
 05 Xe      -11.90     -12.02     7.71       7.98       0.084     0.098     
 06 H2      -15.82     -15.81     3.50       3.50       0.072     0.082     
 07 Li2     -4.98      -4.99      -0.62      -0.63      0.063     0.071     
 08 Na2     -4.86      -4.83      -0.59      -0.55      0.059     0.068     
 09 Na4     -4.13      -4.10      -1.02      -1.01      0.056     0.061     
 100 CuCN   -9.63      -9.42      -1.58      -1.65      0.056     0.062     
 10 Na6     0.00       -4.24      0.00       -0.97      0.474     0.145     
 11 K2      -4.00      -3.98      -0.69      -0.65      0.433     0.136     
 12 Rb2     0.00       -3.80      0.00       -0.62      0.713     0.173     
 13 N2      -14.87     -14.89     2.48       2.45       0.660     0.163     
 14 P2      -10.19     -10.21     -0.64      -0.72      0.614     0.157     
 15 As2     -9.43      -9.47      -0.70      -0.85      0.576     0.157     
 16 F2      -14.93     -14.96     -0.68      -0.70      0.542     0.149     
 17 Cl2     -11.03     -11.10     -0.84      -0.89      0.514     0.143     
 18 Br2     -10.05     -10.22     -1.31      -1.40      0.495     0.141     
 19 I2      0.00       -9.28      0.00       -1.68      0.957     0.218     
 20 CH4     -13.94     -13.93     2.44       2.45       0.910     0.208     
 21 C2H6    0.00       -12.37     0.00       2.29       1.456     0.302     
 22 C3H8    0.00       -11.79     0.00       2.19       1.925     0.384     
 23 C4H10   0.00       -11.49     0.00       2.14       2.341     0.458     
 24 C2H4    -10.33     -10.33     2.02       2.02       2.244     0.439     
 25 C2H2    -11.02     -11.02     2.87       2.86       2.154     0.423     
 26 C4      -10.75     -10.78     -2.93      -2.94      2.072     0.407     
 27 C3H6    0.00       -10.56     0.00       2.45       2.387     0.480     
 28 C6H6    0.00       -8.99      0.00       1.09       2.622     0.501     
 29 C8H8    0.00       -8.06      0.00       0.06       2.810     0.487     
 30 C5H6    0.00       -8.35      0.00       1.04       2.995     0.505     
 31 C2H3F   0.00       -10.20     0.00       2.15       3.227     0.556     
 32 C2H3Cl  0.00       -9.76      0.00       1.42       3.431     0.582     
 33 C2H3Br  0.00       -8.99      0.00       1.38       3.600     0.606     
 34 C2H3I   0.00       -9.04      0.00       0.89       3.760     0.614     
 35 CF4     0.00       -15.37     0.00       4.41       4.091     0.719     
 36 CCl4    0.00       -10.98     0.00       -0.01      4.283     0.700     
 37 CBr4    0.00       -9.90      0.00       -1.08      4.435     0.710     
 38 CI4     0.00       -8.82      0.00       -2.14      4.550     0.747     
 39 SiH4    -12.34     -12.31     2.52       2.51       4.434     0.728     
 40 GeH4    0.00       -12.02     0.00       2.30       4.624     0.767     
 41 Si2H6   0.00       -10.31     0.00       1.69       4.762     0.789     
 42 Si5H12  0.00       -8.94      0.00       0.16       4.862     0.774     
 43 LiH     -6.70      -6.54      -0.07      -0.07      4.753     0.756     
 44 KH      -5.02      -4.86      -0.22      -0.18      4.753     0.740     
 45 BH3     -12.87     -12.87     0.11       0.12       4.645     0.725     
 46 B2H6    0.00       -11.84     0.00       0.84       4.804     0.727     
 47 NH3     -10.32     -10.32     2.30       2.31       4.700     0.712     
 48 HN3     0.00       -10.39     0.00       1.40       4.821     0.726     
 49 PH3     -10.26     -10.27     2.50       2.50       4.721     0.712     
 50 AsH3    0.00       -10.12     0.00       2.32       4.831     0.743     
 51 SH2     -10.03     -10.03     2.57       2.56       4.734     0.729     
 52 HF      -15.29     -15.30     2.54       2.54       4.642     0.715     
 53 HCl     -12.21     -12.25     2.05       2.06       4.553     0.702     
 54 LiF     -9.98      -9.95      0.09       0.09       4.553     0.689     
 55 MgF2    0.00       -12.32     0.00       -0.14      4.700     0.680     
 56 TiF4    0.00       -13.89     0.00       -0.60      4.870     0.678     
 57 AlF3    0.00       -14.25     0.00       0.16       5.041     0.669     
 58 BF      -10.45     -10.56     1.26       1.22       4.952     0.659     
 59 SF4     0.00       -12.12     0.00       0.38       5.078     0.654     
 60 BrK     0.00       -7.30      0.00       -0.31      5.117     0.648     
 61 GaCl    0.00       -9.55      0.00       -0.02      5.192     0.638     
 62 NaCl    -8.19      -8.10      -0.42      -0.39      5.107     0.629     
 63 MgCl2   0.00       -10.99     0.00       -0.43      5.203     0.625     
 64 AlI3    0.00       -9.32      0.00       -0.80      5.270     0.628     
 65 BN      -10.66     -11.03     -4.64      -3.88      5.270     0.630     
 66 NCH     0.00       -13.21     0.00       2.58       5.396     0.659     
 67 PN      0.00       -11.14     0.00       -0.20      5.485     0.652     
 68 N2H4    0.00       -9.28      0.00       1.99       5.544     0.672     
 69 H2CO    0.00       -10.33     0.00       0.96       5.616     0.676     
 70 CH3OH   0.00       -10.56     0.00       2.25       5.690     0.698     
 71 C2H5OH  0.00       -10.16     0.00       2.08       5.756     0.717     
 72 C2H4O   0.00       -9.55      0.00       1.05       5.811     0.722     
 73 C4H10O4 0.00       -9.32      0.00       2.10       5.861     0.741     
 74 HCOOH   0.00       -10.73     0.00       1.91       5.929     0.756     
 75 H2O2    0.00       -10.99     0.00       2.35       6.000     0.777     
 76 H2O     0.00       -11.97     0.00       2.37       6.082     0.798     
 77 CO2     0.00       -13.25     0.00       2.50       6.178     0.820     
 78 CS2     0.00       -9.75      0.00       -0.20      6.226     0.812     
 79 OCS     0.00       -10.91     0.00       1.21       6.288     0.817     
 80 OCSe    0.00       -10.20     0.00       0.87       6.338     0.817     
 81 CO      0.00       -13.57     0.00       0.67       6.431     0.816     
 82 O3      0.00       -11.39     0.00       -2.30      6.431     0.833     
 83 SO2     0.00       -11.82     0.00       -1.00      6.499     0.835     
 84 BeO     0.00       -8.58      0.00       -2.56      6.499     0.856     
 85 MgO     0.00       -6.68      0.00       -1.89      6.499     0.868     
 86 C7H8    0.00       -8.61      0.00       1.01       6.526     0.869     
 87 C8H10   0.00       -8.55      0.00       1.04       6.551     0.871     
 88 C6F6    0.00       -9.49      0.00       0.66       6.587     0.869     
 89 C6H5OH  0.00       -8.37      0.00       0.96       6.608     0.870     
 90 C6H5NH2 0.00       -7.64      0.00       1.15       6.620     0.873     
 91 C5H5N   0.00       -9.04      0.00       0.51       6.649     0.869     
 92 guanine 0.00       -7.69      0.00       0.74       6.661     0.868     
 93 adenine 0.00       -7.98      0.00       0.47       6.676     0.864     
 94 cytosin 0.00       -8.29      0.00       0.26       6.694     0.857     
 95 thymine 0.00       -8.71      0.00       0.06       6.717     0.849     
 96 uracil  0.00       -9.22      0.00       0.01       6.745     0.840     
 97 urea    0.00       -9.32      0.00       1.62       6.773     0.848     
 98 Ag2     0.00       -7.07      0.00       -1.05      6.776     0.850     
 99 Cu2     0.00       -7.55      0.00       -0.92      6.785     0.851     
