 #  Name   HOMO      ref HOMO  LUMO      ref LUMO  chiomegatau   fit-points  Pade-param   runavg. error HOMO/LUMO
 01 He      -23.47     -23.48     11.00      11.01      0.010     0.010     
 02 Ne      -20.37     -20.38     11.64      11.64      0.010     0.005     
 03 Ar      -15.13     -15.13     8.10       8.11       0.007     0.007     
 04 Kr      -13.55     -13.57     7.63       7.63       0.010     0.005     
 05 Xe      -11.99     -12.02     7.93       7.98       0.014     0.014     
 06 H2      -15.80     -15.81     3.50       3.50       0.013     0.012     
 07 Li2     -4.98      -4.99      -0.64      -0.63      0.013     0.011     
 08 Na2     -4.80      -4.83      -0.55      -0.55      0.015     0.010     
 09 Na4     -4.11      -4.10      -1.01      -1.01      0.014     0.009     
 100 CuCN   -9.68      -9.42      -1.67      -1.65      0.014     0.010     
 10 Na6     -4.24      -4.24      -0.97      -0.97      0.013     0.009     
 11 K2      -3.97      -3.98      -0.65      -0.65      0.013     0.008     
 12 Rb2     -3.79      -3.80      -0.63      -0.62      0.013     0.008     
 13 N2      -14.89     -14.89     2.45       2.45       0.012     0.008     
 14 P2      -10.21     -10.21     -0.72      -0.72      0.011     0.007     
 15 As2     -9.47      -9.47      -0.85      -0.85      0.010     0.007     
 16 F2      -14.95     -14.96     -0.71      -0.70      0.010     0.007     
 17 Cl2     -11.10     -11.10     -0.90      -0.89      0.009     0.007     
 18 Br2     -10.22     -10.22     -1.39      -1.40      0.009     0.007     
 19 I2      -9.27      -9.28      -1.68      -1.68      0.009     0.007     
 20 CH4     -13.93     -13.93     2.44       2.45       0.008     0.007     
 21 C2H6    -12.36     -12.37     2.28       2.29       0.009     0.007     
 22 C3H8    -11.81     -11.79     2.18       2.19       0.009     0.007     
 23 C4H10   -11.45     -11.49     2.12       2.14       0.010     0.008     
 24 C2H4    -10.32     -10.33     2.02       2.02       0.010     0.008     
 25 C2H2    -11.02     -11.02     2.87       2.86       0.010     0.008     
 26 C4      -10.78     -10.78     -2.93      -2.94      0.010     0.008     
 27 C3H6    -10.55     -10.56     2.43       2.45       0.010     0.008     
 28 C6H6    -8.98      -8.99      1.08       1.09       0.010     0.008     
 29 C8H8    -8.05      -8.06      0.06       0.06       0.010     0.008     
 30 C5H6    -8.35      -8.35      1.04       1.04       0.009     0.008     
 31 C2H3F   -10.20     -10.20     2.15       2.15       0.009     0.007     
 32 C2H3Cl  -9.76      -9.76      1.42       1.42       0.009     0.007     
 33 C2H3Br  -8.99      -8.99      1.38       1.38       0.008     0.007     
 34 C2H3I   -9.03      -9.04      0.88       0.89       0.009     0.007     
 35 CF4     -15.37     -15.37     4.41       4.41       0.008     0.007     
 36 CCl4    -10.96     -10.98     -0.02      -0.01      0.009     0.007     
 37 CBr4    -9.90      -9.90      -1.08      -1.08      0.008     0.007     
 38 CI4     -8.83      -8.82      -2.15      -2.14      0.008     0.007     
 39 SiH4    -12.31     -12.31     2.50       2.51       0.008     0.007     
 40 GeH4    -12.02     -12.02     2.31       2.30       0.008     0.007     
 41 Si2H6   -10.31     -10.31     1.68       1.69       0.008     0.007     
 42 Si5H12  -8.93      -8.94      0.16       0.16       0.008     0.007     
 43 LiH     -6.55      -6.54      -0.08      -0.07      0.008     0.007     
 44 KH      -4.85      -4.86      -0.18      -0.18      0.008     0.007     
 45 BH3     -12.86     -12.87     0.11       0.12       0.008     0.007     
 46 B2H6    -11.83     -11.84     0.84       0.84       0.008     0.007     
 47 NH3     -10.31     -10.32     2.31       2.31       0.008     0.007     
 48 HN3     -10.40     -10.39     1.40       1.40       0.008     0.007     
 49 PH3     -10.27     -10.27     2.49       2.50       0.008     0.007     
 50 AsH3    -10.11     -10.12     2.32       2.32       0.008     0.006     
 51 SH2     -10.03     -10.03     2.55       2.56       0.008     0.007     
 52 HF      -15.30     -15.30     2.54       2.54       0.008     0.006     
 53 HCl     -12.24     -12.25     2.05       2.06       0.008     0.006     
 54 LiF     -9.95      -9.95      0.09       0.09       0.008     0.006     
 55 MgF2    -12.33     -12.32     -0.14      -0.14      0.008     0.006     
 56 TiF4    -13.89     -13.89     -0.60      -0.60      0.007     0.006     
 57 AlF3    -14.25     -14.25     0.16       0.16       0.007     0.006     
 58 BF      -10.57     -10.56     1.22       1.22       0.007     0.006     
 59 SF4     -12.11     -12.12     0.38       0.38       0.007     0.006     
 60 BrK     -7.29      -7.30      -0.31      -0.31      0.007     0.006     
 61 GaCl    -9.55      -9.55      -0.03      -0.02      0.007     0.006     
 62 NaCl    -8.10      -8.10      -0.40      -0.39      0.007     0.006     
 63 MgCl2   -10.98     -10.99     -0.43      -0.43      0.007     0.006     
 64 AlI3    -9.33      -9.32      -0.80      -0.80      0.007     0.006     
 65 BN      -11.17     -11.03     -3.87      -3.88      0.007     0.006     
 66 NCH     -13.21     -13.21     2.58       2.58       0.007     0.006     
 67 PN      -11.13     -11.14     -0.20      -0.20      0.007     0.006     
 68 N2H4    -9.28      -9.28      1.99       1.99       0.007     0.006     
 69 H2CO    -10.32     -10.33     0.95       0.96       0.007     0.006     
 70 CH3OH   -10.56     -10.56     2.24       2.25       0.007     0.006     
 71 C2H5OH  -10.15     -10.16     2.07       2.08       0.007     0.006     
 72 C2H4O   -9.54      -9.55      1.05       1.05       0.007     0.006     
 73 C4H10O4 -9.32      -9.32      2.08       2.10       0.007     0.006     
 74 HCOOH   -10.73     -10.73     1.91       1.91       0.007     0.006     
 75 H2O2    -10.98     -10.99     2.34       2.35       0.007     0.006     
 76 H2O     -11.97     -11.97     2.36       2.37       0.007     0.006     
 77 CO2     -13.25     -13.25     2.49       2.50       0.007     0.006     
 78 CS2     -9.75      -9.75      -0.20      -0.20      0.007     0.006     
 79 OCS     -10.91     -10.91     1.21       1.21       0.007     0.006     
 80 OCSe    -10.20     -10.20     0.85       0.87       0.007     0.006     
 81 CO      -13.57     -13.57     0.68       0.67       0.007     0.006     
 82 O3      -11.61     -11.39     -2.30      -2.30      0.007     0.006     
 83 SO2     -11.82     -11.82     -1.00      -1.00      0.006     0.006     
 84 BeO     -9.66      -8.58      -2.50      -2.49      0.006     0.006     
 85 MgO     -6.73      -6.68      -1.89      -1.89      0.006     0.006     
 86 C7H8    -8.61      -8.61      1.01       1.01       0.006     0.006     
 87 C8H10   -8.55      -8.55      1.04       1.04       0.006     0.006     
 88 C6F6    -9.49      -9.49      0.66       0.66       0.006     0.006     
 89 C6H5OH  -8.36      -8.37      0.96       0.96       0.006     0.006     
 90 C6H5NH2 -7.64      -7.64      1.15       1.15       0.006     0.005     
 91 C5H5N   -9.04      -9.04      0.51       0.51       0.006     0.005     
 92 guanine -7.69      -7.69      0.75       0.74       0.006     0.005     
 93 adenine -7.97      -7.98      0.47       0.47       0.006     0.005     
 94 cytosin -8.28      -8.29      0.26       0.26       0.006     0.005     
 95 thymine -8.70      -8.71      0.06       0.06       0.006     0.005     
 96 uracil  -9.22      -9.22      0.01       0.01       0.006     0.005     
 97 urea    -9.32      -9.32      1.62       1.62       0.006     0.005     
 98 Ag2     -7.07      -7.07      -0.89      -0.89      0.006     0.005     
 99 Cu2     -7.67      -7.55      -0.92      -0.92      0.007     0.005     

