 #  Name   HOMO      ref HOMO  LUMO      ref LUMO  chiomegatau   fit-points  Pade-param   runavg. error HOMO/LUMO
 01 He      -23.52     -23.48     11.01      11.01      0.040     0.000     
 02 Ne      -20.42     -20.38     11.64      11.64      0.040     0.000     
 03 Ar      -15.17     -15.13     8.11       8.11       0.040     0.000     
 04 Kr      -13.62     -13.57     7.64       7.63       0.043     0.002     
 05 Xe      -12.06     -12.02     7.96       7.98       0.042     0.006     
 06 H2      -15.81     -15.81     3.50       3.50       0.035     0.005     
 07 Li2     -4.98      -4.99      -0.63      -0.63      0.031     0.004     
 08 Na2     -4.83      -4.83      -0.55      -0.55      0.027     0.004     
 09 Na4     -4.11      -4.10      -1.01      -1.01      0.026     0.003     
 100 CuCN   -9.67      -9.42      -1.64      -1.65      0.026     0.004     
 10 Na6     -4.24      -4.24      -0.97      -0.97      0.023     0.004     
 11 K2      -3.98      -3.98      -0.65      -0.65      0.021     0.003     
 12 Rb2     -3.80      -3.80      -0.63      -0.62      0.019     0.004     
 13 N2      -14.90     -14.89     2.45       2.45       0.018     0.004     
 14 P2      -10.21     -10.21     -0.72      -0.72      0.017     0.003     
 15 As2     -9.47      -9.47      -0.85      -0.85      0.016     0.003     
 16 F2      -14.95     -14.96     -0.70      -0.70      0.016     0.003     
 17 Cl2     -11.09     -11.10     -0.88      -0.89      0.015     0.003     
 18 Br2     -10.22     -10.22     -1.40      -1.40      0.014     0.003     
 19 I2      -9.28      -9.28      -1.69      -1.68      0.014     0.004     
 20 CH4     -13.94     -13.93     2.44       2.45       0.013     0.004     
 21 C2H6    -12.37     -12.37     2.28       2.29       0.013     0.004     
 22 C3H8    -11.80     -11.79     2.18       2.19       0.013     0.004     
 23 C4H10   -11.49     -11.49     2.13       2.14       0.012     0.005     
 24 C2H4    -10.32     -10.33     2.02       2.02       0.012     0.004     
 25 C2H2    -11.02     -11.02     2.87       2.86       0.012     0.005     
 26 C4      -10.78     -10.78     -2.94      -2.94      0.011     0.004     
 27 C3H6    -10.56     -10.56     2.44       2.45       0.011     0.005     
 28 C6H6    -8.98      -8.99      1.08       1.09       0.011     0.005     
 29 C8H8    -8.05      -8.06      0.06       0.06       0.011     0.005     
 30 C5H6    -8.35      -8.35      1.04       1.04       0.010     0.005     
 31 C2H3F   -10.20     -10.20     2.15       2.15       0.010     0.004     
 32 C2H3Cl  -9.76      -9.76      1.43       1.42       0.010     0.005     
 33 C2H3Br  -8.99      -8.99      1.38       1.38       0.009     0.004     
 34 C2H3I   -9.05      -9.04      0.90       0.89       0.009     0.005     
 35 CF4     -15.37     -15.37     4.41       4.41       0.009     0.004     
 36 CCl4    -10.97     -10.98     -0.01      -0.01      0.009     0.004     
 37 CBr4    -9.91      -9.90      -1.08      -1.08      0.009     0.004     
 38 CI4     -8.84      -8.82      -2.14      -2.14      0.009     0.004     
 39 SiH4    -12.34     -12.31     2.51       2.51       0.010     0.004     
 40 GeH4    -12.06     -12.02     2.32       2.30       0.011     0.004     
 41 Si2H6   -10.31     -10.31     1.69       1.69       0.010     0.004     
 42 Si5H12  -8.94      -8.94      0.16       0.16       0.010     0.004     
 43 LiH     -6.70      -6.54      -0.07      -0.07      0.014     0.004     
 44 KH      -5.02      -4.86      -0.17      -0.18      0.017     0.004     
 45 BH3     -12.87     -12.87     0.12       0.12       0.017     0.004     
 46 B2H6    -11.83     -11.84     0.84       0.84       0.017     0.004     
 47 NH3     -10.32     -10.32     2.31       2.31       0.016     0.004     
 48 HN3     -10.40     -10.39     1.41       1.40       0.016     0.004     
 49 PH3     -10.27     -10.27     2.49       2.50       0.016     0.004     
 50 AsH3    -10.13     -10.12     2.32       2.32       0.016     0.004     
 51 SH2     -10.02     -10.03     2.55       2.56       0.015     0.004     
 52 HF      -15.30     -15.30     2.54       2.54       0.015     0.004     
 53 HCl     -12.24     -12.25     2.05       2.06       0.015     0.004     
 54 LiF     -10.00     -9.95      0.09       0.09       0.016     0.004     
 55 MgF2    -12.39     -12.32     -0.14      -0.14      0.017     0.004     
 56 TiF4    -13.95     -13.89     -0.57      -0.60      0.018     0.005     
 57 AlF3    -14.27     -14.25     0.16       0.16       0.018     0.004     
 58 BF      -10.56     -10.56     1.22       1.22       0.017     0.004     
 59 SF4     -12.11     -12.12     0.38       0.38       0.017     0.004     
 60 BrK     -7.49      -7.30      -0.30      -0.31      0.020     0.004     
 61 GaCl    -9.56      -9.55      -0.02      -0.02      0.020     0.004     
 62 NaCl    -8.23      -8.10      -0.39      -0.39      0.022     0.004     
 63 MgCl2   -11.02     -10.99     -0.43      -0.43      0.022     0.004     
 64 AlI3    -9.35      -9.32      -0.79      -0.80      0.022     0.004     
 65 BN      -10.92     -11.03     -3.93      -3.88      0.022     0.005     
 66 NCH     -13.23     -13.21     2.58       2.58       0.022     0.005     
 67 PN      -11.17     -11.14     -0.20      -0.20      0.022     0.005     
 68 N2H4    -9.28      -9.28      1.99       1.99       0.022     0.005     
 69 H2CO    -10.32     -10.33     0.95       0.96       0.021     0.005     
 70 CH3OH   -10.56     -10.56     2.24       2.25       0.021     0.005     
 71 C2H5OH  -10.16     -10.16     2.07       2.08       0.021     0.005     
 72 C2H4O   -9.55      -9.55      1.05       1.05       0.021     0.005     
 73 C4H10O4 -9.32      -9.32      2.08       2.10       0.020     0.005     
 74 HCOOH   -10.75     -10.73     1.91       1.91       0.020     0.005     
 75 H2O2    -10.98     -10.99     2.35       2.35       0.020     0.005     
 76 H2O     -11.97     -11.97     2.36       2.37       0.020     0.005     
 77 CO2     -13.26     -13.25     2.50       2.50       0.020     0.005     
 78 CS2     -9.75      -9.75      -0.20      -0.20      0.019     0.005     
 79 OCS     -10.91     -10.91     1.22       1.21       0.019     0.005     
 80 OCSe    -10.21     -10.20     0.89       0.87       0.019     0.005     
 81 CO      -13.58     -13.57     0.68       0.67       0.019     0.005     
 82 O3      -11.69     -11.39     -2.30      -2.30      0.019     0.005     
 83 SO2     -11.82     -11.82     -1.00      -1.00      0.019     0.005     
 84 BeO     -8.99      -8.58      -2.37      -2.49      0.019     0.006     
 85 MgO     -6.79      -6.68      -1.88      -1.89      0.019     0.007     
 86 C7H8    -8.61      -8.61      1.01       1.01       0.019     0.006     
 87 C8H10   -8.55      -8.55      1.04       1.04       0.018     0.006     
 88 C6F6    -9.49      -9.49      0.66       0.66       0.018     0.006     
 89 C6H5OH  -8.37      -8.37      0.96       0.96       0.018     0.006     
 90 C6H5NH2 -7.65      -7.64      1.15       1.15       0.018     0.006     
 91 C5H5N   -9.05      -9.04      0.51       0.51       0.018     0.006     
 92 guanine -7.70      -7.69      0.76       0.74       0.018     0.006     
 93 adenine -7.98      -7.98      0.47       0.47       0.017     0.006     
 94 cytosin -8.30      -8.29      0.26       0.26       0.017     0.006     
 95 thymine -8.71      -8.71      0.06       0.06       0.017     0.006     
 96 uracil  -9.27      -9.22      0.01       0.01       0.018     0.006     
 97 urea    -9.35      -9.32      1.62       1.62       0.018     0.006     
 98 Ag2     -7.08      -7.07      -0.89      -0.89      0.018     0.006     
 99 Cu2     -7.20      -7.55      -0.93      -0.92      0.021     0.006     
