 #  Name   HOMO      ref HOMO  LUMO      ref LUMO  chiomegatau   fit-points  Pade-param   runavg. error HOMO/LUMO
 01 He      -23.52     -23.48     11.01      11.01      0.040     0.000     
 02 Ne      -20.53     -20.38     11.64      11.64      0.095     0.000     
 03 Ar      -15.22     -15.13     8.11       8.11       0.093     0.000     
 04 Kr      -13.67     -13.57     7.64       7.63       0.095     0.002     
 05 Xe      -12.10     -12.02     7.98       7.98       0.092     0.002     
 06 H2      -15.83     -15.81     3.50       3.50       0.080     0.002     
 07 Li2     -4.99      -4.99      -0.63      -0.63      0.069     0.001     
 08 Na2     -4.83      -4.83      -0.55      -0.55      0.060     0.001     
 09 Na4     -4.12      -4.10      -1.01      -1.01      0.056     0.001     
 100 CuCN   0.00       -9.42      0.00       -1.65      0.056     0.166     
 10 Na6     -4.24      -4.24      -0.97      -0.97      0.050     0.151     
 11 K2      -3.98      -3.98      -0.65      -0.65      0.045     0.138     
 12 Rb2     -3.80      -3.80      -0.63      -0.62      0.042     0.128     
 13 N2      -14.91     -14.89     2.45       2.45       0.040     0.119     
 14 P2      -10.21     -10.21     -0.72      -0.72      0.037     0.111     
 15 As2     -9.48      -9.47      -0.85      -0.85      0.035     0.104     
 16 F2      -14.94     -14.96     -0.72      -0.70      0.034     0.099     
 17 Cl2     -11.09     -11.10     -0.89      -0.89      0.033     0.094     
 18 Br2     -10.20     -10.22     -1.40      -1.40      0.032     0.089     
 19 I2      -9.27      -9.28      -1.69      -1.68      0.031     0.085     
 20 CH4     -13.97     -13.93     2.44       2.45       0.031     0.081     
 21 C2H6    -12.38     -12.37     2.28       2.29       0.030     0.078     
 22 C3H8    0.00       -11.79     0.00       2.19       0.565     0.170     
 23 C4H10   -11.51     -11.49     2.13       2.14       0.541     0.163     
 24 C2H4    -10.33     -10.33     2.02       2.02       0.519     0.157     
 25 C2H2    -11.03     -11.02     2.87       2.86       0.498     0.151     
 26 C4      -10.78     -10.78     -2.91      -2.94      0.479     0.147     
 27 C3H6    -10.57     -10.56     2.44       2.45       0.462     0.142     
 28 C6H6    -8.99      -8.99      1.09       1.09       0.445     0.137     
 29 C8H8    0.00       -8.06      0.00       0.06       0.708     0.134     
 30 C5H6    -8.35      -8.35      1.04       1.04       0.684     0.130     
 31 C2H3F   -10.20     -10.20     2.15       2.15       0.662     0.126     
 32 C2H3Cl  -9.76      -9.76      1.43       1.42       0.642     0.122     
 33 C2H3Br  -8.99      -8.99      1.38       1.38       0.622     0.119     
 34 C2H3I   0.00       -9.04      0.00       0.89       0.870     0.141     
 35 CF4     -15.41     -15.37     4.42       4.41       0.846     0.137     
 36 CCl4    -10.98     -10.98     -0.01      -0.01      0.822     0.134     
 37 CBr4    0.00       -9.90      0.00       -1.08      1.068     0.158     
 38 CI4     0.00       -8.82      0.00       -2.14      1.272     0.209     
 39 SiH4    -12.38     -12.31     2.52       2.51       1.241     0.204     
 40 GeH4    -12.09     -12.02     2.33       2.30       1.212     0.200     
 41 Si2H6   -10.32     -10.31     1.69       1.69       1.182     0.195     
 42 Si5H12  0.00       -8.94      0.00       0.16       1.367     0.194     
 43 LiH     -6.77      -6.54      -0.07      -0.07      1.341     0.190     
 44 KH      -5.09      -4.86      -0.17      -0.18      1.341     0.186     
 45 BH3     -12.87     -12.87     0.12       0.12       1.310     0.182     
 46 B2H6    -11.84     -11.84     0.84       0.84       1.281     0.178     
 47 NH3     -10.33     -10.32     2.31       2.31       1.253     0.174     
 48 HN3     -10.40     -10.39     1.41       1.40       1.227     0.171     
 49 PH3     -10.28     -10.27     2.50       2.50       1.202     0.168     
 50 AsH3    -10.14     -10.12     2.32       2.32       1.178     0.164     
 51 SH2     -10.03     -10.03     2.55       2.56       1.154     0.161     
 52 HF      -15.31     -15.30     2.54       2.54       1.132     0.158     
 53 HCl     -12.25     -12.25     2.05       2.06       1.110     0.156     
 54 LiF     -10.06     -9.95      0.09       0.09       1.110     0.153     
 55 MgF2    -12.45     -12.32     -0.13      -0.14      1.091     0.150     
 56 TiF4    -14.01     -13.89     -0.53      -0.60      1.073     0.149     
 57 AlF3    -14.31     -14.25     0.16       0.16       1.055     0.146     
 58 BF      -10.57     -10.56     1.22       1.22       1.036     0.144     
 59 SF4     -12.12     -12.12     0.38       0.38       1.018     0.141     
 60 BrK     -7.54      -7.30      -0.30      -0.31      1.005     0.139     
 61 GaCl    -9.56      -9.55      -0.02      -0.02      0.988     0.137     
 62 NaCl    -8.30      -8.10      -0.38      -0.39      0.975     0.135     
 63 MgCl2   -11.06     -10.99     -0.42      -0.43      0.960     0.133     
 64 AlI3    0.00       -9.32      0.00       -0.80      1.095     0.143     
 65 BN      -10.45     -11.03     -4.72      -3.88      1.095     0.154     
 66 NCH     -13.25     -13.21     2.59       2.58       1.078     0.152     
 67 PN      -11.19     -11.14     -0.20      -0.20      1.062     0.149     
 68 N2H4    -9.28      -9.28      1.99       1.99       1.046     0.147     
 69 H2CO    -10.32     -10.33     0.95       0.96       1.030     0.145     
 70 CH3OH   -10.57     -10.56     2.24       2.25       1.015     0.143     
 71 C2H5OH  0.00       -10.16     0.00       2.08       1.149     0.170     
 72 C2H4O   -9.56      -9.55      1.05       1.05       1.133     0.168     
 73 C4H10O4 0.00       -9.32      0.00       2.10       1.250     0.194     
 74 HCOOH   -10.78     -10.73     1.92       1.91       1.233     0.192     
 75 H2O2    -10.99     -10.99     2.34       2.35       1.216     0.189     
 76 H2O     -11.98     -11.97     2.36       2.37       1.199     0.187     
 77 CO2     -13.27     -13.25     2.50       2.50       1.183     0.184     
 78 CS2     -9.75      -9.75      -0.20      -0.20      1.167     0.182     
 79 OCS     -10.91     -10.91     1.23       1.21       1.152     0.180     
 80 OCSe    -10.21     -10.20     0.90       0.87       1.137     0.178     
 81 CO      -13.58     -13.57     0.68       0.67       1.123     0.176     
 82 O3      -11.81     -11.39     -2.28      -2.30      1.123     0.174     
 83 SO2     -11.83     -11.82     -1.00      -1.00      1.109     0.172     
 84 BeO     -9.02      -8.58      -2.35      -2.56      1.109     0.173     
 85 MgO     -6.69      -6.68      -1.89      -1.89      1.109     0.171     
 86 C7H8    0.00       -8.61      0.00       1.01       1.202     0.180     
 87 C8H10   0.00       -8.55      0.00       1.04       1.293     0.190     
 88 C6F6    0.00       -9.49      0.00       0.66       1.393     0.195     
 89 C6H5OH  0.00       -8.37      0.00       0.96       1.477     0.204     
 90 C6H5NH2 0.00       -7.64      0.00       1.15       1.550     0.214     
 91 C5H5N   -9.07      -9.04      0.51       0.51       1.533     0.212     
 92 guanine 0.00       -7.69      0.00       0.74       1.604     0.218     
 93 adenine 0.00       -7.98      0.00       0.47       1.677     0.220     
 94 cytosin 0.00       -8.29      0.00       0.26       1.753     0.221     
 95 thymine 0.00       -8.71      0.00       0.06       1.831     0.219     
 96 uracil  0.00       -9.22      0.00       0.01       1.913     0.217     
 97 urea    0.00       -9.32      0.00       1.62       1.994     0.231     
 98 Ag2     -7.08      -7.07      -0.89      -1.05      1.973     0.231     
 99 Cu2     -7.27      -7.55      -0.92      -0.92      1.955     0.228     
