 #  Name   HOMO      ref HOMO  LUMO      ref LUMO  chiomegatau   fit-points  Pade-param   runavg. error HOMO/LUMO
 01 He      -23.51     -23.48     11.01      11.01      0.030     0.000     
 02 Ne      -20.52     -20.38     11.64      11.64      0.085     0.000     
 03 Ar      -15.22     -15.13     8.11       8.11       0.087     0.000     
 04 Kr      -13.67     -13.57     7.64       7.63       0.090     0.002     
 05 Xe      0.00       -12.02     0.00       7.98       2.476     1.598     
 06 H2      -15.83     -15.81     3.50       3.50       2.067     1.332     
 07 Li2     -4.99      -4.99      -0.63      -0.63      1.771     1.141     
 08 Na2     -4.84      -4.83      -0.55      -0.55      1.551     0.999     
 09 Na4     -4.07      -4.10      -0.97      -1.01      1.382     0.892     
 100 CuCN   0.00       -9.42      0.00       -1.65      1.382     0.968     
 10 Na6     -4.18      -4.24      -0.88      -0.97      1.250     0.888     
 11 K2      -3.98      -3.98      -0.60      -0.65      1.136     0.818     
 12 Rb2     0.00       -3.80      0.00       -0.62      1.358     0.803     
 13 N2      -14.90     -14.89     2.45       2.45       1.255     0.746     
 14 P2      -10.21     -10.21     -0.72      -0.72      1.165     0.696     
 15 As2     -9.48      -9.47      -0.85      -0.85      1.088     0.652     
 16 F2      -14.93     -14.96     -0.71      -0.70      1.022     0.615     
 17 Cl2     -11.09     -11.10     -0.89      -0.89      0.962     0.581     
 18 Br2     -10.21     -10.22     -1.40      -1.40      0.909     0.550     
 19 I2      -9.27      -9.28      -1.69      -1.68      0.862     0.523     
 20 CH4     -13.97     -13.93     2.44       2.45       0.821     0.499     
 21 C2H6    -12.38     -12.37     2.28       2.29       0.782     0.476     
 22 C3H8    -11.81     -11.79     2.18       2.19       0.748     0.456     
 23 C4H10   0.00       -11.49     0.00       2.14       1.215     0.526     
 24 C2H4    -10.33     -10.33     2.02       2.02       1.164     0.505     
 25 C2H2    -11.03     -11.02     2.87       2.86       1.118     0.486     
 26 C4      -10.78     -10.78     -2.92      -2.94      1.075     0.469     
 27 C3H6    -10.56     -10.56     2.44       2.45       1.035     0.452     
 28 C6H6    0.00       -8.99      0.00       1.09       1.319     0.474     
 29 C8H8    0.00       -8.06      0.00       0.06       1.552     0.461     
 30 C5H6    0.00       -8.35      0.00       1.04       1.778     0.479     
 31 C2H3F   -10.20     -10.20     2.15       2.15       1.721     0.464     
 32 C2H3Cl  -9.76      -9.76      1.43       1.42       1.667     0.451     
 33 C2H3Br  -9.50      -8.99      1.27       1.38       1.632     0.441     
 34 C2H3I   -9.06      -9.04      0.90       0.89       1.585     0.428     
 35 CF4     -15.40     -15.37     4.42       4.41       1.540     0.417     
 36 CCl4    -10.98     -10.98     -0.00      -0.01      1.497     0.406     
 37 CBr4    0.00       -9.90      0.00       -1.08      1.725     0.423     
 38 CI4     0.00       -8.82      0.00       -2.14      1.911     0.467     
 39 SiH4    -12.38     -12.31     2.52       2.51       1.864     0.456     
 40 GeH4    -12.09     -12.02     2.33       2.30       1.819     0.446     
 41 Si2H6   -10.32     -10.31     1.69       1.69       1.775     0.435     
 42 Si5H12  0.00       -8.94      0.00       0.16       1.946     0.429     
 43 LiH     -6.77      -6.54      -0.07      -0.07      1.906     0.419     
 44 KH      -5.09      -4.86      -0.17      -0.18      1.906     0.410     
 45 BH3     -12.87     -12.87     0.12       0.12       1.862     0.401     
 46 B2H6    -11.84     -11.84     0.84       0.84       1.821     0.392     
 47 NH3     -10.33     -10.32     2.31       2.31       1.782     0.384     
 48 HN3     -10.40     -10.39     1.41       1.40       1.744     0.377     
 49 PH3     -10.28     -10.27     2.50       2.50       1.708     0.369     
 50 AsH3    -10.14     -10.12     2.32       2.32       1.673     0.362     
 51 SH2     -10.03     -10.03     2.56       2.56       1.640     0.355     
 52 HF      -15.30     -15.30     2.54       2.54       1.608     0.348     
 53 HCl     -12.24     -12.25     2.05       2.06       1.577     0.342     
 54 LiF     -10.06     -9.95      0.09       0.09       1.577     0.336     
 55 MgF2    -12.45     -12.32     -0.13      -0.14      1.550     0.330     
 56 TiF4    0.00       -13.89     0.00       -0.60      1.778     0.335     
 57 AlF3    -14.30     -14.25     0.16       0.16       1.747     0.329     
 58 BF      -10.57     -10.56     1.22       1.22       1.716     0.323     
 59 SF4     -12.11     -12.12     0.39       0.38       1.686     0.318     
 60 BrK     -7.54      -7.30      -0.28      -0.31      1.661     0.313     
 61 GaCl    -9.56      -9.55      -0.02      -0.02      1.633     0.308     
 62 NaCl    -8.29      -8.10      -0.38      -0.39      1.609     0.303     
 63 MgCl2   -11.06     -10.99     -0.42      -0.43      1.584     0.299     
 64 AlI3    0.00       -9.32      0.00       -0.80      1.709     0.307     
 65 BN      0.00       -11.03     0.00       -3.88      1.709     0.361     
 66 NCH     -13.25     -13.21     2.59       2.58       1.682     0.356     
 67 PN      0.00       -11.14     0.00       -0.20      1.830     0.353     
 68 N2H4    -9.28      -9.28      1.99       1.99       1.802     0.348     
 69 H2CO    -10.32     -10.33     0.95       0.96       1.775     0.343     
 70 CH3OH   -10.57     -10.56     2.24       2.25       1.748     0.339     
 71 C2H5OH  -10.17     -10.16     2.07       2.08       1.723     0.334     
 72 C2H4O   -9.56      -9.55      1.05       1.05       1.698     0.329     
 73 C4H10O4 0.00       -9.32      0.00       2.10       1.807     0.353     
 74 HCOOH   -10.78     -10.73     1.92       1.91       1.782     0.349     
 75 H2O2    -10.98     -10.99     2.35       2.35       1.757     0.344     
 76 H2O     -11.98     -11.97     2.36       2.37       1.733     0.340     
 77 CO2     -13.27     -13.25     2.50       2.50       1.710     0.336     
 78 CS2     -9.75      -9.75      -0.20      -0.20      1.687     0.331     
 79 OCS     -10.91     -10.91     1.23       1.21       1.665     0.327     
 80 OCSe    -10.21     -10.20     0.90       0.87       1.644     0.324     
 81 CO      0.00       -13.57     0.00       0.67       1.797     0.328     
 82 O3      -11.98     -11.39     -2.30      -2.30      1.797     0.324     
 83 SO2     -11.83     -11.82     -1.00      -1.00      1.774     0.320     
 84 BeO     0.00       -8.58      0.00       -2.56      1.774     0.346     
 85 MgO     0.00       -6.68      0.00       -1.89      1.774     0.364     
 86 C7H8    0.00       -8.61      0.00       1.01       1.860     0.372     
 87 C8H10   0.00       -8.55      0.00       1.04       1.942     0.379     
 88 C6F6    0.00       -9.49      0.00       0.66       2.034     0.383     
 89 C6H5OH  0.00       -8.37      0.00       0.96       2.110     0.389     
 90 C6H5NH2 0.00       -7.64      0.00       1.15       2.176     0.397     
 91 C5H5N   0.00       -9.04      0.00       0.51       2.257     0.399     
 92 guanine 0.00       -7.69      0.00       0.74       2.320     0.402     
 93 adenine 0.00       -7.98      0.00       0.47       2.385     0.403     
 94 cytosin 0.00                  0.00                  0.000     0.000     
 95 thymine 0.00       -8.71      0.00       0.06       0.000     0.000     
 96 uracil  0.00       -9.22      0.00       0.01       0.000     0.000     
 97 urea    -9.38      -9.32      1.62       1.62       0.000     0.000     
 98 Ag2     0.00       -7.07      0.00       -1.05      0.000     0.000     
 99 Cu2     -7.26      -7.55      -0.92      -0.92      0.000     0.000     
