 #  Name   HOMO      ref HOMO  LUMO      ref LUMO  chiomegatau   fit-points  Pade-param   runavg. error HOMO/LUMO
 01 He      0.00       -23.48     0.00       11.01      23.480    11.010    
 02 Ne      -20.36     -20.38     11.62      11.64      11.750    5.515     
 03 Ar      -15.05     -15.13     8.01       8.11       7.860     3.710     
 04 Kr      -13.61     -13.57     7.64       7.63       5.905     2.785     
 05 Xe      -12.06     -12.02     7.96       7.98       4.732     2.232     
 06 H2      0.00       -15.81     0.00       3.50       6.578     2.443     
 07 Li2     -4.93      -4.99      -0.61      -0.63      5.647     2.097     
 08 Na2     -4.75      -4.83      -0.59      -0.55      4.951     1.840     
 09 Na4     -4.04      -4.10      -1.06      -1.01      4.408     1.641     
 100 CuCN   -9.66      -9.42      -1.65      -1.65      4.408     1.477     
 10 Na6     -4.18      -4.24      -1.02      -0.97      3.973     1.347     
 11 K2      -3.92      -3.98      -0.75      -0.65      3.617     1.243     
 12 Rb2     -3.76      -3.80      -0.64      -0.62      3.319     1.149     
 13 N2      -14.82     -14.89     2.44       2.45       3.069     1.068     
 14 P2      -10.14     -10.21     -0.72      -0.72      2.855     0.997     
 15 As2     -9.47      -9.47      -0.83      -0.85      2.665     0.936     
 16 F2      -14.86     -14.96     -0.72      -0.70      2.504     0.882     
 17 Cl2     -10.96     -11.10     -0.95      -0.89      2.365     0.836     
 18 Br2     -10.21     -10.22     -1.39      -1.40      2.234     0.793     
 19 I2      -9.25      -9.28      -1.67      -1.68      2.118     0.754     
 20 CH4     -13.87     -13.93     2.35       2.45       2.016     0.722     
 21 C2H6    -12.31     -12.37     2.18       2.29       1.922     0.695     
 22 C3H8    -11.74     -11.79     2.08       2.19       1.837     0.669     
 23 C4H10   -11.44     -11.49     2.03       2.14       1.760     0.646     
 24 C2H4    -10.27     -10.33     2.01       2.02       1.689     0.620     
 25 C2H2    -10.96     -11.02     2.85       2.86       1.624     0.597     
 26 C4      -10.71     -10.78     -2.97      -2.94      1.564     0.576     
 27 C3H6    -10.50     -10.56     2.34       2.45       1.508     0.559     
 28 C6H6    -8.94      -8.99      1.08       1.09       1.456     0.540     
 29 C8H8    -8.01      -8.06      0.05       0.06       1.408     0.523     
 30 C5H6    -8.31      -8.35      1.03       1.04       1.362     0.506     
 31 C2H3F   -10.13     -10.20     2.14       2.15       1.320     0.491     
 32 C2H3Cl  -9.68      -9.76      1.41       1.42       1.282     0.476     
 33 C2H3Br  -8.96      -8.99      1.38       1.38       1.244     0.462     
 34 C2H3I   -9.02      -9.04      0.90       0.89       1.208     0.449     
 35 CF4     -15.29     -15.37     4.36       4.41       1.175     0.438     
 36 CCl4    -10.86     -10.98     -0.07      -0.01      1.146     0.428     
 37 CBr4    -9.90      -9.90      -1.07      -1.08      1.115     0.417     
 38 CI4     0.00       -8.82      0.00       -2.14      1.318     0.461     
 39 SiH4    -12.27     -12.31     2.51       2.51       1.285     0.450     
 40 GeH4    -12.01     -12.02     2.27       2.30       1.253     0.439     
 41 Si2H6   -10.25     -10.31     1.70       1.69       1.224     0.429     
 42 Si5H12  -8.88      -8.94      0.16       0.16       1.196     0.419     
 43 LiH     -6.66      -6.54      -0.06      -0.07      1.171     0.410     
 44 KH      -4.95      -4.86      -0.21      -0.18      1.171     0.401     
 45 BH3     -12.79     -12.87     0.09       0.12       1.147     0.393     
 46 B2H6    -11.77     -11.84     0.83       0.84       1.123     0.385     
 47 NH3     -10.23     -10.32     2.24       2.31       1.100     0.379     
 48 HN3     -10.33     -10.39     1.40       1.40       1.078     0.371     
 49 PH3     -10.19     -10.27     2.49       2.50       1.057     0.364     
 50 AsH3    -10.11     -10.12     2.32       2.32       1.036     0.356     
 51 SH2     -9.92      -10.03     2.53       2.56       1.017     0.350     
 52 HF      -15.23     -15.30     2.51       2.54       0.999     0.344     
 53 HCl     -12.10     -12.25     1.97       2.06       0.983     0.339     
 54 LiF     -9.97      -9.95      0.08       0.09       0.983     0.333     
 55 MgF2    -12.35     -12.32     -0.14      -0.14      0.965     0.327     
 56 TiF4    -13.92     -13.89     -0.56      -0.60      0.947     0.322     
 57 AlF3    -14.21     -14.25     0.14       0.16       0.931     0.317     
 58 BF      -10.53     -10.56     1.23       1.22       0.915     0.312     
 59 SF4     -12.03     -12.12     0.37       0.38       0.900     0.307     
 60 BrK     -7.46      -7.30      -0.32      -0.31      0.887     0.302     
 61 GaCl    -9.52      -9.55      -0.03      -0.02      0.873     0.297     
 62 NaCl    -8.18      -8.10      -0.40      -0.39      0.860     0.293     
 63 MgCl2   -10.94     -10.99     -0.47      -0.43      0.846     0.289     
 64 AlI3    -9.32      -9.32      -0.81      -0.80      0.833     0.285     
 65 BN      -10.86     -11.03     -3.94      -3.88      0.833     0.281     
 66 NCH     -13.15     -13.21     2.56       2.58       0.820     0.277     
 67 PN      -11.10     -11.14     -0.19      -0.20      0.808     0.273     
 68 N2H4    -9.20      -9.28      1.92       1.99       0.797     0.270     
 69 H2CO    -10.24     -10.33     0.94       0.96       0.786     0.267     
 70 CH3OH   -10.49     -10.56     2.17       2.25       0.776     0.264     
 71 C2H5OH  -10.10     -10.16     1.99       2.08       0.765     0.262     
 72 C2H4O   -9.48      -9.55      1.03       1.05       0.755     0.258     
 73 C4H10O4 -9.27      -9.32      1.99       2.10       0.745     0.256     
 74 HCOOH   -10.68     -10.73     1.90       1.91       0.735     0.253     
 75 H2O2    -10.90     -10.99     2.32       2.35       0.726     0.250     
 76 H2O     -11.90     -11.97     2.31       2.37       0.717     0.248     
 77 CO2     -13.19     -13.25     2.44       2.50       0.708     0.245     
 78 CS2     -9.68      -9.75      -0.19      -0.20      0.700     0.242     
 79 OCS     -10.83     -10.91     1.22       1.21       0.692     0.239     
 80 OCSe    -10.19     -10.20     0.91       0.87       0.683     0.237     
 81 CO      -13.50     -13.57     0.67       0.67       0.675     0.234     
 82 O3      -11.62     -11.39     -2.30      -2.30      0.675     0.231     
 83 SO2     -11.74     -11.82     -1.00      -1.00      0.667     0.229     
 84 BeO     -8.98      -8.58      -2.38      -2.49      0.667     0.227     
 85 MgO     -6.75      -6.68      -1.88      -1.89      0.667     0.225     
 86 C7H8    -8.57      -8.61      1.01       1.01       0.660     0.222     
 87 C8H10   -8.51      -8.55      1.04       1.04       0.652     0.220     
 88 C6F6    -9.44      -9.49      0.64       0.66       0.645     0.217     
 89 C6H5OH  -8.32      -8.37      0.95       0.96       0.637     0.215     
 90 C6H5NH2 -7.60      -7.64      1.14       1.15       0.630     0.213     
 91 C5H5N   -8.99      -9.04      0.51       0.51       0.624     0.210     
 92 guanine -7.64      -7.69      0.75       0.74       0.617     0.208     
 93 adenine -7.93      -7.98      0.47       0.47       0.610     0.206     
 94 cytosin -8.24      -8.29      0.26       0.26       0.604     0.204     
 95 thymine -8.66      -8.71      0.06       0.06       0.598     0.202     
 96 uracil  -9.21      -9.22      0.01       0.01       0.591     0.200     
 97 urea    -9.28      -9.32      1.54       1.62       0.585     0.198     
 98 Ag2     -7.07      -7.07      -0.92      -0.89      0.579     0.197     
 99 Cu2     -7.19      -7.55      -0.91      -0.92      0.576     0.195     
