 #  Name   HOMO      ref HOMO  LUMO      ref LUMO  chiomegatau   fit-points  Pade-param   runavg. error HOMO/LUMO
 01 He      -23.54     -23.48     11.01      11.01      0.060     0.000     
 02 Ne      -20.42     -20.38     11.64      11.64      0.050     0.000     
 03 Ar      -15.17     -15.13     8.11       8.11       0.047     0.000     
 04 Kr      -13.62     -13.57     7.64       7.63       0.047     0.002     
 05 Xe      -12.06     -12.02     7.96       7.98       0.046     0.006     
 06 H2      -15.81     -15.81     3.50       3.50       0.038     0.005     
 07 Li2     -4.98      -4.99      -0.63      -0.63      0.034     0.004     
 08 Na2     -4.83      -4.83      -0.55      -0.55      0.030     0.004     
 09 Na4     -4.06      -4.10      -0.96      -1.01      0.031     0.009     
 100 CuCN   0.00       -9.42      0.00       -1.65      0.031     0.173     
 10 Na6     -4.18      -4.24      -0.88      -0.97      0.034     0.165     
 11 K2      -3.98      -3.98      -0.60      -0.65      0.031     0.156     
 12 Rb2     -3.79      -3.80      -0.55      -0.62      0.029     0.149     
 13 N2      -14.90     -14.89     2.45       2.45       0.028     0.139     
 14 P2      -10.21     -10.21     -0.72      -0.72      0.026     0.129     
 15 As2     -9.47      -9.47      -0.85      -0.85      0.024     0.121     
 16 F2      -14.95     -14.96     -0.70      -0.70      0.023     0.114     
 17 Cl2     -11.09     -11.10     -0.88      -0.89      0.022     0.108     
 18 Br2     -10.22     -10.22     -1.39      -1.40      0.021     0.103     
 19 I2      -9.28      -9.28      -1.69      -1.68      0.020     0.098     
 20 CH4     -13.94     -13.93     2.44       2.45       0.019     0.094     
 21 C2H6    -12.37     -12.37     2.28       2.29       0.019     0.090     
 22 C3H8    -11.80     -11.79     2.18       2.19       0.018     0.087     
 23 C4H10   -11.49     -11.49     2.13       2.14       0.017     0.084     
 24 C2H4    -10.32     -10.33     2.02       2.02       0.017     0.080     
 25 C2H2    -11.02     -11.02     2.87       2.86       0.016     0.078     
 26 C4      -10.78     -10.78     -2.94      -2.94      0.016     0.075     
 27 C3H6    -10.56     -10.56     2.44       2.45       0.015     0.072     
 28 C6H6    -8.98      -8.99      1.08       1.09       0.015     0.070     
 29 C8H8    -8.05      -8.06      0.06       0.06       0.015     0.068     
 30 C5H6    -8.35      -8.35      1.04       1.04       0.014     0.066     
 31 C2H3F   -10.20     -10.20     2.15       2.15       0.014     0.064     
 32 C2H3Cl  -9.76      -9.76      1.43       1.42       0.013     0.062     
 33 C2H3Br  -9.50      -8.99      1.27       1.38       0.028     0.064     
 34 C2H3I   -9.05      -9.04      0.90       0.89       0.028     0.062     
 35 CF4     -15.37     -15.37     4.41       4.41       0.027     0.060     
 36 CCl4    -10.97     -10.98     -0.01      -0.01      0.027     0.059     
 37 CBr4    -9.91      -9.90      -1.08      -1.08      0.026     0.057     
 38 CI4     0.00       -8.82      0.00       -2.14      0.258     0.111     
 39 SiH4    -12.34     -12.31     2.51       2.51       0.252     0.108     
 40 GeH4    -12.06     -12.02     2.32       2.30       0.246     0.106     
 41 Si2H6   -10.31     -10.31     1.69       1.69       0.240     0.103     
 42 Si5H12  -8.94      -8.94      0.16       0.16       0.235     0.101     
 43 LiH     -6.70      -6.54      -0.07      -0.07      0.233     0.098     
 44 KH      -5.02      -4.86      -0.17      -0.18      0.233     0.096     
 45 BH3     -12.87     -12.87     0.12       0.12       0.228     0.094     
 46 B2H6    -11.84     -11.84     0.84       0.84       0.223     0.092     
 47 NH3     -10.32     -10.32     2.31       2.31       0.218     0.090     
 48 HN3     -10.40     -10.39     1.41       1.40       0.213     0.089     
 49 PH3     -10.27     -10.27     2.49       2.50       0.209     0.087     
 50 AsH3    -10.13     -10.12     2.32       2.32       0.205     0.085     
 51 SH2     -10.02     -10.03     2.55       2.56       0.201     0.084     
 52 HF      -15.30     -15.30     2.54       2.54       0.197     0.082     
 53 HCl     -12.24     -12.25     2.05       2.06       0.193     0.081     
 54 LiF     -10.00     -9.95      0.09       0.09       0.193     0.080     
 55 MgF2    -12.39     -12.32     -0.14      -0.14      0.191     0.078     
 56 TiF4    -13.95     -13.89     -0.57      -0.60      0.189     0.077     
 57 AlF3    -14.27     -14.25     0.16       0.16       0.186     0.076     
 58 BF      -10.56     -10.56     1.22       1.22       0.182     0.075     
 59 SF4     -12.11     -12.12     0.38       0.38       0.179     0.073     
 60 BrK     -7.49      -7.30      -0.29      -0.31      0.179     0.073     
 61 GaCl    -9.56      -9.55      -0.02      -0.02      0.177     0.071     
 62 NaCl    -8.23      -8.10      -0.38      -0.39      0.176     0.070     
 63 MgCl2   -11.02     -10.99     -0.43      -0.43      0.173     0.069     
 64 AlI3    -9.34      -9.32      -0.79      -0.80      0.171     0.068     
 65 BN      -10.60     -11.03     -5.21      -3.88      0.171     0.088     
 66 NCH     -13.23     -13.21     2.58       2.58       0.169     0.086     
 67 PN      -11.17     -11.14     -0.20      -0.20      0.166     0.085     
 68 N2H4    -9.28      -9.28      1.99       1.99       0.164     0.084     
 69 H2CO    -10.32     -10.33     0.95       0.96       0.162     0.083     
 70 CH3OH   -10.56     -10.56     2.24       2.25       0.159     0.082     
 71 C2H5OH  -10.16     -10.16     2.07       2.08       0.157     0.081     
 72 C2H4O   -9.55      -9.55      1.05       1.05       0.154     0.080     
 73 C4H10O4 -9.32      -9.32      2.09       2.10       0.152     0.079     
 74 HCOOH   -10.75     -10.73     1.91       1.91       0.150     0.078     
 75 H2O2    -10.98     -10.99     2.35       2.35       0.148     0.077     
 76 H2O     -11.97     -11.97     2.36       2.37       0.146     0.076     
 77 CO2     -13.25     -13.25     2.50       2.50       0.144     0.075     
 78 CS2     -9.75      -9.75      -0.20      -0.20      0.143     0.074     
 79 OCS     -10.91     -10.91     1.22       1.21       0.141     0.073     
 80 OCSe    -10.21     -10.20     0.89       0.87       0.139     0.072     
 81 CO      -13.58     -13.57     0.68       0.67       0.137     0.072     
 82 O3      -11.69     -11.39     -2.30      -2.30      0.137     0.071     
 83 SO2     -11.82     -11.82     -1.00      -1.00      0.136     0.070     
 84 BeO     -8.99      -8.58      -2.37      -2.56      0.136     0.071     
 85 MgO     -6.79      -6.68      -1.88      -1.89      0.136     0.071     
 86 C7H8    -8.61      -8.61      1.01       1.01       0.134     0.070     
 87 C8H10   -8.55      -8.55      1.05       1.04       0.132     0.069     
 88 C6F6    -9.49      -9.49      0.66       0.66       0.131     0.068     
 89 C6H5OH  0.00       -8.37      0.00       0.96       0.230     0.078     
 90 C6H5NH2 -7.65      -7.64      1.15       1.15       0.227     0.077     
 91 C5H5N   -9.05      -9.04      0.51       0.51       0.225     0.077     
 92 guanine -7.69      -7.69      0.77       0.74       0.222     0.076     
 93 adenine -7.98      -7.98      0.48       0.47       0.220     0.075     
 94 cytosin -8.30      -8.29      0.27       0.26       0.217     0.075     
 95 thymine -8.71      -8.71      0.06       0.06       0.215     0.074     
 96 uracil  -9.27      -9.22      0.01       0.01       0.213     0.073     
 97 urea    -9.35      -9.32      1.62       1.62       0.211     0.072     
 98 Ag2     -7.08      -7.07      -0.89      -1.05      0.209     0.073     
 99 Cu2     -7.20      -7.55      -0.93      -0.92      0.210     0.073     
