 #  Name   HOMO      ref HOMO  LUMO      ref LUMO  chiomegatau   fit-points  Pade-param   runavg. error HOMO/LUMO
 01 He      -23.52     -23.48     11.01      11.01      0.040     0.000     
 02 Ne      -20.41     -20.38     11.63      11.64      0.035     0.005     
 03 Ar      -15.06     -15.13     8.01       8.11       0.047     0.037     
 04 Kr      -13.41     -13.57     7.52       7.63       0.075     0.055     
 05 Xe      -11.90     -12.02     7.71       7.98       0.084     0.098     
 06 H2      0.00       -15.81     0.00       3.50       2.705     0.665     
 07 Li2     -4.98      -4.99      -0.62      -0.63      2.320     0.571     
 08 Na2     -4.85      -4.83      -0.58      -0.55      2.033     0.504     
 09 Na4     -4.12      -4.10      -1.02      -1.01      1.809     0.449     
 100 CuCN   -9.63      -9.42      -1.58      -1.65      1.809     0.411     
 10 Na6     -4.24      -4.24      -0.97      -0.97      1.628     0.374     
 11 K2      -4.00      -3.98      -0.69      -0.65      1.482     0.346     
 12 Rb2     -3.83      -3.80      -0.70      -0.62      1.361     0.325     
 13 N2      -14.86     -14.89     2.48       2.45       1.258     0.304     
 14 P2      -10.19     -10.21     -0.64      -0.72      1.170     0.289     
 15 As2     -9.43      -9.47      -0.70      -0.85      1.095     0.281     
 16 F2      -14.93     -14.96     -0.68      -0.70      1.028     0.265     
 17 Cl2     -11.03     -11.10     -0.84      -0.89      0.972     0.253     
 18 Br2     -10.04     -10.22     -1.31      -1.40      0.928     0.245     
 19 I2      -9.15      -9.28      -1.62      -1.68      0.886     0.235     
 20 CH4     -13.94     -13.93     2.44       2.45       0.842     0.225     
 21 C2H6    -12.37     -12.37     2.28       2.29       0.802     0.215     
 22 C3H8    0.00       -11.79     0.00       2.19       1.301     0.301     
 23 C4H10   0.00       -11.49     0.00       2.14       1.744     0.377     
 24 C2H4    -10.32     -10.33     2.02       2.02       1.672     0.362     
 25 C2H2    -11.02     -11.02     2.87       2.86       1.605     0.349     
 26 C4      0.00       -10.78     0.00       -2.94      1.958     0.445     
 27 C3H6    -10.56     -10.56     2.43       2.45       1.886     0.430     
 28 C6H6    0.00       -8.99      0.00       1.09       2.139     0.452     
 29 C8H8    0.00       -8.06      0.00       0.06       2.343     0.439     
 30 C5H6    0.00       -8.35      0.00       1.04       2.544     0.459     
 31 C2H3F   -10.19     -10.20     2.15       2.15       2.462     0.444     
 32 C2H3Cl  0.00       -9.76      0.00       1.42       2.690     0.474     
 33 C2H3Br  -8.95      -8.99      1.39       1.38       2.610     0.460     
 34 C2H3I   0.00       -9.04      0.00       0.89       2.799     0.473     
 35 CF4     -15.35     -15.37     4.38       4.41       2.719     0.460     
 36 CCl4    -10.93     -10.98     0.03       -0.01      2.645     0.449     
 37 CBr4    0.00       -9.90      0.00       -1.08      2.841     0.466     
 38 CI4     0.00       -8.82      0.00       -2.14      2.999     0.508     
 39 SiH4    -12.34     -12.31     2.52       2.51       2.923     0.496     
 40 GeH4    -12.05     -12.02     2.32       2.30       2.850     0.484     
 41 Si2H6   -10.31     -10.31     1.70       1.69       2.781     0.473     
 42 Si5H12  0.00       -8.94      0.00       0.16       2.927     0.466     
 43 LiH     -6.70      -6.54      -0.07      -0.07      2.863     0.455     
 44 KH      -5.02      -4.86      -0.22      -0.18      2.863     0.446     
 45 BH3     -12.86     -12.87     0.11       0.12       2.798     0.437     
 46 B2H6    -11.83     -11.84     0.84       0.84       2.736     0.427     
 47 NH3     -10.32     -10.32     2.29       2.31       2.677     0.419     
 48 HN3     -10.38     -10.39     1.41       1.40       2.620     0.410     
 49 PH3     -10.25     -10.27     2.50       2.50       2.566     0.402     
 50 AsH3    -10.00     -10.12     2.34       2.32       2.516     0.395     
 51 SH2     -10.03     -10.03     2.57       2.56       2.466     0.387     
 52 HF      -15.29     -15.30     2.53       2.54       2.417     0.380     
 53 HCl     -12.21     -12.25     2.05       2.06       2.372     0.373     
 54 LiF     -9.98      -9.95      0.09       0.09       2.372     0.367     
 55 MgF2    -12.36     -12.32     -0.11      -0.14      2.328     0.361     
 56 TiF4    0.00       -13.89     0.00       -0.60      2.542     0.365     
 57 AlF3    -14.24     -14.25     0.18       0.16       2.496     0.359     
 58 BF      -10.45     -10.56     1.26       1.22       2.453     0.353     
 59 SF4     -12.08     -12.12     0.39       0.38       2.411     0.348     
 60 BrK     -7.41      -7.30      -0.35      -0.31      2.371     0.343     
 61 GaCl    -9.43      -9.55      0.05       -0.02      2.333     0.338     
 62 NaCl    -8.19      -8.10      -0.42      -0.39      2.296     0.333     
 63 MgCl2   -10.98     -10.99     -0.43      -0.43      2.258     0.328     
 64 AlI3    0.00       -9.32      0.00       -0.80      2.372     0.335     
 65 BN      -10.66     -11.03     -4.65      -3.88      2.372     0.342     
 66 NCH     -13.21     -13.21     2.58       2.58       2.334     0.337     
 67 PN      -11.10     -11.14     -0.14      -0.20      2.299     0.333     
 68 N2H4    -9.27      -9.28      1.98       1.99       2.263     0.328     
 69 H2CO    -10.32     -10.33     0.96       0.96       2.229     0.323     
 70 CH3OH   -10.56     -10.56     2.23       2.25       2.196     0.319     
 71 C2H5OH  0.00       -10.16     0.00       2.08       2.313     0.344     
 72 C2H4O   -9.55      -9.55      1.05       1.05       2.280     0.339     
 73 C4H10O4 0.00       -9.32      0.00       2.10       2.380     0.363     
 74 HCOOH   -10.75     -10.73     1.92       1.91       2.347     0.358     
 75 H2O2    -10.98     -10.99     2.35       2.35       2.314     0.353     
 76 H2O     -11.98     -11.97     2.36       2.37       2.283     0.349     
 77 CO2     -13.23     -13.25     2.47       2.50       2.252     0.345     
 78 CS2     -9.71      -9.75      -0.16      -0.20      2.223     0.341     
 79 OCS     -10.88     -10.91     1.25       1.21       2.194     0.337     
 80 OCSe    -10.16     -10.20     0.94       0.87       2.166     0.334     
 81 CO      -13.50     -13.57     0.71       0.67       2.139     0.330     
 82 O3      -11.68     -11.39     -2.27      -2.30      2.139     0.327     
 83 SO2     -11.79     -11.82     -0.97      -1.00      2.112     0.323     
 84 BeO     -8.98      -8.58      -2.37      -2.56      2.112     0.322     
 85 MgO     -6.75      -6.68      -1.80      -1.89      2.112     0.319     
 86 C7H8    0.00       -8.61      0.00       1.01       2.194     0.327     
 87 C8H10   0.00       -8.55      0.00       1.04       2.272     0.335     
 88 C6F6    0.00       -9.49      0.00       0.66       2.360     0.339     
 89 C6H5OH  0.00       -8.37      0.00       0.96       2.433     0.345     
 90 C6H5NH2 0.00       -7.64      0.00       1.15       2.495     0.354     
 91 C5H5N   0.00       -9.04      0.00       0.51       2.572     0.356     
 92 guanine 0.00       -7.69      0.00       0.74       2.631     0.360     
 93 adenine 0.00       -7.98      0.00       0.47       2.693     0.361     
 94 cytosin 0.00       -8.29      0.00       0.26       2.756     0.360     
 95 thymine 0.00       -8.71      0.00       0.06       2.823     0.357     
 96 uracil  0.00       -9.22      0.00       0.01       2.894     0.354     
 97 urea    0.00       -9.32      0.00       1.62       2.965     0.366     
 98 Ag2     -7.07      -7.07      -0.90      -1.05      2.932     0.364     
 99 Cu2     -7.16      -7.55      -0.87      -0.92      2.905     0.361     
